10:01:48 [main] ERROR org.springframework.boot.SpringApplication.reportFailure                  - Application run failed
java.lang.IllegalStateException: Logback configuration error detected: 
ERROR in ch.qos.logback.core.joran.spi.Interpreter@25:15 - no applicable action for [file], current ElementPath  is [[configuration][root][file]]
	at org.springframework.boot.logging.logback.LogbackLoggingSystem.loadConfiguration(LogbackLoggingSystem.java:169)
	at org.springframework.boot.logging.logback.LogbackLoggingSystem.reinitialize(LogbackLoggingSystem.java:222)
	at org.springframework.boot.logging.AbstractLoggingSystem.initializeWithConventions(AbstractLoggingSystem.java:73)
	at org.springframework.boot.logging.AbstractLoggingSystem.initialize(AbstractLoggingSystem.java:60)
	at org.springframework.boot.logging.logback.LogbackLoggingSystem.initialize(LogbackLoggingSystem.java:118)
	at org.springframework.boot.context.logging.LoggingApplicationListener.initializeSystem(LoggingApplicationListener.java:313)
	at org.springframework.boot.context.logging.LoggingApplicationListener.initialize(LoggingApplicationListener.java:288)
	at org.springframework.boot.context.logging.LoggingApplicationListener.onApplicationEnvironmentPreparedEvent(LoggingApplicationListener.java:246)
	at org.springframework.boot.context.logging.LoggingApplicationListener.onApplicationEvent(LoggingApplicationListener.java:223)
	at org.springframework.context.event.SimpleApplicationEventMulticaster.doInvokeListener(SimpleApplicationEventMulticaster.java:172)
	at org.springframework.context.event.SimpleApplicationEventMulticaster.invokeListener(SimpleApplicationEventMulticaster.java:165)
	at org.springframework.context.event.SimpleApplicationEventMulticaster.multicastEvent(SimpleApplicationEventMulticaster.java:139)
	at org.springframework.context.event.SimpleApplicationEventMulticaster.multicastEvent(SimpleApplicationEventMulticaster.java:127)
	at org.springframework.boot.context.event.EventPublishingRunListener.environmentPrepared(EventPublishingRunListener.java:76)
	at org.springframework.boot.SpringApplicationRunListeners.environmentPrepared(SpringApplicationRunListeners.java:53)
	at org.springframework.boot.SpringApplication.prepareEnvironment(SpringApplication.java:345)
	at org.springframework.boot.SpringApplication.run(SpringApplication.java:308)
	at org.springframework.boot.SpringApplication.run(SpringApplication.java:1226)
	at org.springframework.boot.SpringApplication.run(SpringApplication.java:1215)
	at com.ipiecoles.java.java350.Java350Application.main(Java350Application.java:10)
10:02:15 [main] INFO  com.ipiecoles.java.java350.Java350Application.logStarting                    - Starting Java350Application on LH0MLPF1C4WRL with PID 11460 (started by E007548 in C:\Users\E007548\Documents\Cours\Qualite logiciel\ipi-java-350-ex)
10:02:15 [main] INFO  com.ipiecoles.java.java350.Java350Application.logStartupProfileInfo          - No active profile set, falling back to default profiles: default
10:02:15 [main] INFO  o.s.d.r.config.RepositoryConfigurationDelegate.registerRepositoriesIn         - Bootstrapping Spring Data JPA repositories in DEFAULT mode.
10:02:15 [main] INFO  o.s.d.r.config.RepositoryConfigurationDelegate.registerRepositoriesIn         - Finished Spring Data repository scanning in 46ms. Found 1 JPA repository interfaces.
10:02:16 [main] INFO  com.zaxxer.hikari.HikariDataSource  .getConnection                  - HikariPool-1 - Starting...
10:02:16 [main] INFO  com.zaxxer.hikari.HikariDataSource  .getConnection                  - HikariPool-1 - Start completed.
10:02:16 [main] INFO  org.hibernate.jpa.internal.util.LogHelper.logPersistenceUnitInformation  - HHH000204: Processing PersistenceUnitInfo [name: default]
10:02:16 [main] INFO  org.hibernate.Version               .logVersion                     - HHH000412: Hibernate Core {5.4.9.Final}
10:02:16 [main] INFO  org.hibernate.annotations.common.Version.<clinit>                       - HCANN000001: Hibernate Commons Annotations {5.1.0.Final}
10:02:16 [main] INFO  org.hibernate.dialect.Dialect       .<init>                         - HHH000400: Using dialect: org.hibernate.dialect.H2Dialect
10:02:16 [main] INFO  o.h.e.t.jta.platform.internal.JtaPlatformInitiator.initiateService                - HHH000490: Using JtaPlatform implementation: [org.hibernate.engine.transaction.jta.platform.internal.NoJtaPlatform]
10:02:16 [main] INFO  o.s.orm.jpa.LocalContainerEntityManagerFactoryBean.buildNativeEntityManagerFactory - Initialized JPA EntityManagerFactory for persistence unit 'default'
10:02:16 [main] WARN  org.hibernate.dialect.function.TemplateRenderer.render                         - HHH000174: Function template anticipated 3 arguments, but 2 arguments encountered
10:02:16 [main] INFO  com.ipiecoles.java.java350.Java350Application.logStarted                     - Started Java350Application in 2.01 seconds (JVM running for 2.737)
10:02:17 [SpringContextShutdownHook] INFO  o.s.orm.jpa.LocalContainerEntityManagerFactoryBean.destroy                        - Closing JPA EntityManagerFactory for persistence unit 'default'
10:02:17 [SpringContextShutdownHook] INFO  o.h.t.s.i.SchemaDropperImpl$DelayedDropActionImpl.perform                        - HHH000477: Starting delayed evictData of schema as part of SessionFactory shut-down'
10:02:17 [SpringContextShutdownHook] INFO  com.zaxxer.hikari.HikariDataSource  .close                          - HikariPool-1 - Shutdown initiated...
10:02:17 [SpringContextShutdownHook] INFO  com.zaxxer.hikari.HikariDataSource  .close                          - HikariPool-1 - Shutdown completed.
10:16:16 [main] ERROR org.springframework.boot.SpringApplication.reportFailure                  - Application run failed
java.lang.IllegalStateException: Logback configuration error detected: 
ERROR in ch.qos.logback.core.joran.spi.Interpreter@8:108 - no applicable action for [TimeBasedFileNamingAndTriggeringPolicy], current ElementPath  is [[configuration][appender][TimeBasedFileNamingAndTriggeringPolicy]]
ERROR in ch.qos.logback.core.joran.spi.Interpreter@9:26 - no applicable action for [maxFileSize], current ElementPath  is [[configuration][appender][TimeBasedFileNamingAndTriggeringPolicy][maxFileSize]]
ERROR in ch.qos.logback.core.joran.action.AppenderRefAction - Could not find an appender named [INFO_LOG]. Did you define it below instead of above in the configuration file?
ERROR in ch.qos.logback.core.joran.action.AppenderRefAction - See http://logback.qos.ch/codes.html#appender_order for more details.
	at org.springframework.boot.logging.logback.LogbackLoggingSystem.loadConfiguration(LogbackLoggingSystem.java:169)
	at org.springframework.boot.logging.logback.LogbackLoggingSystem.reinitialize(LogbackLoggingSystem.java:222)
	at org.springframework.boot.logging.AbstractLoggingSystem.initializeWithConventions(AbstractLoggingSystem.java:73)
	at org.springframework.boot.logging.AbstractLoggingSystem.initialize(AbstractLoggingSystem.java:60)
	at org.springframework.boot.logging.logback.LogbackLoggingSystem.initialize(LogbackLoggingSystem.java:118)
	at org.springframework.boot.context.logging.LoggingApplicationListener.initializeSystem(LoggingApplicationListener.java:313)
	at org.springframework.boot.context.logging.LoggingApplicationListener.initialize(LoggingApplicationListener.java:288)
	at org.springframework.boot.context.logging.LoggingApplicationListener.onApplicationEnvironmentPreparedEvent(LoggingApplicationListener.java:246)
	at org.springframework.boot.context.logging.LoggingApplicationListener.onApplicationEvent(LoggingApplicationListener.java:223)
	at org.springframework.context.event.SimpleApplicationEventMulticaster.doInvokeListener(SimpleApplicationEventMulticaster.java:172)
	at org.springframework.context.event.SimpleApplicationEventMulticaster.invokeListener(SimpleApplicationEventMulticaster.java:165)
	at org.springframework.context.event.SimpleApplicationEventMulticaster.multicastEvent(SimpleApplicationEventMulticaster.java:139)
	at org.springframework.context.event.SimpleApplicationEventMulticaster.multicastEvent(SimpleApplicationEventMulticaster.java:127)
	at org.springframework.boot.context.event.EventPublishingRunListener.environmentPrepared(EventPublishingRunListener.java:76)
	at org.springframework.boot.SpringApplicationRunListeners.environmentPrepared(SpringApplicationRunListeners.java:53)
	at org.springframework.boot.SpringApplication.prepareEnvironment(SpringApplication.java:345)
	at org.springframework.boot.SpringApplication.run(SpringApplication.java:308)
	at org.springframework.boot.SpringApplication.run(SpringApplication.java:1226)
	at org.springframework.boot.SpringApplication.run(SpringApplication.java:1215)
	at com.ipiecoles.java.java350.Java350Application.main(Java350Application.java:10)
10:24:26 [main] ERROR org.springframework.boot.SpringApplication.reportFailure                  - Application run failed
java.lang.IllegalStateException: Logback configuration error detected: 
ERROR in ch.qos.logback.core.joran.spi.Interpreter@11:108 - no applicable action for [TimeBasedFileNamingAndTriggeringPolicy], current ElementPath  is [[configuration][appender][TimeBasedFileNamingAndTriggeringPolicy]]
ERROR in ch.qos.logback.core.joran.spi.Interpreter@12:26 - no applicable action for [maxFileSize], current ElementPath  is [[configuration][appender][TimeBasedFileNamingAndTriggeringPolicy][maxFileSize]]
ERROR in ch.qos.logback.core.joran.action.AppenderRefAction - Could not find an appender named [INFO_LOG]. Did you define it below instead of above in the configuration file?
ERROR in ch.qos.logback.core.joran.action.AppenderRefAction - See http://logback.qos.ch/codes.html#appender_order for more details.
	at org.springframework.boot.logging.logback.LogbackLoggingSystem.loadConfiguration(LogbackLoggingSystem.java:169)
	at org.springframework.boot.logging.logback.LogbackLoggingSystem.reinitialize(LogbackLoggingSystem.java:222)
	at org.springframework.boot.logging.AbstractLoggingSystem.initializeWithConventions(AbstractLoggingSystem.java:73)
	at org.springframework.boot.logging.AbstractLoggingSystem.initialize(AbstractLoggingSystem.java:60)
	at org.springframework.boot.logging.logback.LogbackLoggingSystem.initialize(LogbackLoggingSystem.java:118)
	at org.springframework.boot.context.logging.LoggingApplicationListener.initializeSystem(LoggingApplicationListener.java:313)
	at org.springframework.boot.context.logging.LoggingApplicationListener.initialize(LoggingApplicationListener.java:288)
	at org.springframework.boot.context.logging.LoggingApplicationListener.onApplicationEnvironmentPreparedEvent(LoggingApplicationListener.java:246)
	at org.springframework.boot.context.logging.LoggingApplicationListener.onApplicationEvent(LoggingApplicationListener.java:223)
	at org.springframework.context.event.SimpleApplicationEventMulticaster.doInvokeListener(SimpleApplicationEventMulticaster.java:172)
	at org.springframework.context.event.SimpleApplicationEventMulticaster.invokeListener(SimpleApplicationEventMulticaster.java:165)
	at org.springframework.context.event.SimpleApplicationEventMulticaster.multicastEvent(SimpleApplicationEventMulticaster.java:139)
	at org.springframework.context.event.SimpleApplicationEventMulticaster.multicastEvent(SimpleApplicationEventMulticaster.java:127)
	at org.springframework.boot.context.event.EventPublishingRunListener.environmentPrepared(EventPublishingRunListener.java:76)
	at org.springframework.boot.SpringApplicationRunListeners.environmentPrepared(SpringApplicationRunListeners.java:53)
	at org.springframework.boot.SpringApplication.prepareEnvironment(SpringApplication.java:345)
	at org.springframework.boot.SpringApplication.run(SpringApplication.java:308)
	at org.springframework.boot.SpringApplication.run(SpringApplication.java:1226)
	at org.springframework.boot.SpringApplication.run(SpringApplication.java:1215)
	at com.ipiecoles.java.java350.Java350Application.main(Java350Application.java:10)
10:25:19 [main] ERROR org.springframework.boot.SpringApplication.reportFailure                  - Application run failed
java.lang.IllegalStateException: Logback configuration error detected: 
ERROR in ch.qos.logback.core.joran.spi.Interpreter@11:107 - no applicable action for [timeBasedFileNamingAndTriggeringPolicy], current ElementPath  is [[configuration][appender][timeBasedFileNamingAndTriggeringPolicy]]
ERROR in ch.qos.logback.core.joran.spi.Interpreter@12:26 - no applicable action for [maxFileSize], current ElementPath  is [[configuration][appender][timeBasedFileNamingAndTriggeringPolicy][maxFileSize]]
ERROR in ch.qos.logback.core.joran.action.AppenderRefAction - Could not find an appender named [INFO_LOG]. Did you define it below instead of above in the configuration file?
ERROR in ch.qos.logback.core.joran.action.AppenderRefAction - See http://logback.qos.ch/codes.html#appender_order for more details.
	at org.springframework.boot.logging.logback.LogbackLoggingSystem.loadConfiguration(LogbackLoggingSystem.java:169)
	at org.springframework.boot.logging.logback.LogbackLoggingSystem.reinitialize(LogbackLoggingSystem.java:222)
	at org.springframework.boot.logging.AbstractLoggingSystem.initializeWithConventions(AbstractLoggingSystem.java:73)
	at org.springframework.boot.logging.AbstractLoggingSystem.initialize(AbstractLoggingSystem.java:60)
	at org.springframework.boot.logging.logback.LogbackLoggingSystem.initialize(LogbackLoggingSystem.java:118)
	at org.springframework.boot.context.logging.LoggingApplicationListener.initializeSystem(LoggingApplicationListener.java:313)
	at org.springframework.boot.context.logging.LoggingApplicationListener.initialize(LoggingApplicationListener.java:288)
	at org.springframework.boot.context.logging.LoggingApplicationListener.onApplicationEnvironmentPreparedEvent(LoggingApplicationListener.java:246)
	at org.springframework.boot.context.logging.LoggingApplicationListener.onApplicationEvent(LoggingApplicationListener.java:223)
	at org.springframework.context.event.SimpleApplicationEventMulticaster.doInvokeListener(SimpleApplicationEventMulticaster.java:172)
	at org.springframework.context.event.SimpleApplicationEventMulticaster.invokeListener(SimpleApplicationEventMulticaster.java:165)
	at org.springframework.context.event.SimpleApplicationEventMulticaster.multicastEvent(SimpleApplicationEventMulticaster.java:139)
	at org.springframework.context.event.SimpleApplicationEventMulticaster.multicastEvent(SimpleApplicationEventMulticaster.java:127)
	at org.springframework.boot.context.event.EventPublishingRunListener.environmentPrepared(EventPublishingRunListener.java:76)
	at org.springframework.boot.SpringApplicationRunListeners.environmentPrepared(SpringApplicationRunListeners.java:53)
	at org.springframework.boot.SpringApplication.prepareEnvironment(SpringApplication.java:345)
	at org.springframework.boot.SpringApplication.run(SpringApplication.java:308)
	at org.springframework.boot.SpringApplication.run(SpringApplication.java:1226)
	at org.springframework.boot.SpringApplication.run(SpringApplication.java:1215)
	at com.ipiecoles.java.java350.Java350Application.main(Java350Application.java:10)
​​​​10:26:07​​​​ [main] INFO  com.ipiecoles.java.java350.Java350Application     ​​​​.logStarting                    - Starting Java350Application on LH0MLPF1C4WRL with PID 1820 (started by E007548 in C:\Users\E007548\Documents\Cours\Qualite logiciel\ipi-java-350-ex)
​​​​10:26:07​​​​ [main] INFO  com.ipiecoles.java.java350.Java350Application     ​​​​.logStartupProfileInfo          - No active profile set, falling back to default profiles: default
​​​​10:26:07​​​​ [main] INFO  org.springframework.data.repository.config.RepositoryConfigurationDelegate​​​​.registerRepositoriesIn         - Bootstrapping Spring Data JPA repositories in DEFAULT mode.
​​​​10:26:07​​​​ [main] INFO  org.springframework.data.repository.config.RepositoryConfigurationDelegate​​​​.registerRepositoriesIn         - Finished Spring Data repository scanning in 49ms. Found 1 JPA repository interfaces.
​​​​10:26:08​​​​ [main] INFO  com.zaxxer.hikari.HikariDataSource                ​​​​.getConnection                  - HikariPool-1 - Starting...
​​​​10:26:08​​​​ [main] INFO  com.zaxxer.hikari.HikariDataSource                ​​​​.getConnection                  - HikariPool-1 - Start completed.
​​​​10:26:08​​​​ [main] INFO  org.hibernate.jpa.internal.util.LogHelper         ​​​​.logPersistenceUnitInformation  - HHH000204: Processing PersistenceUnitInfo [name: default]
​​​​10:26:08​​​​ [main] INFO  org.hibernate.Version                             ​​​​.logVersion                     - HHH000412: Hibernate Core {5.4.9.Final}
​​​​10:26:08​​​​ [main] INFO  org.hibernate.annotations.common.Version          ​​​​.<clinit>                       - HCANN000001: Hibernate Commons Annotations {5.1.0.Final}
​​​​10:26:08​​​​ [main] INFO  org.hibernate.dialect.Dialect                     ​​​​.<init>                         - HHH000400: Using dialect: org.hibernate.dialect.H2Dialect
​​​​10:26:08​​​​ [main] INFO  org.hibernate.engine.transaction.jta.platform.internal.JtaPlatformInitiator​​​​.initiateService                - HHH000490: Using JtaPlatform implementation: [org.hibernate.engine.transaction.jta.platform.internal.NoJtaPlatform]
​​​​10:26:08​​​​ [main] INFO  org.springframework.orm.jpa.LocalContainerEntityManagerFactoryBean​​​​.buildNativeEntityManagerFactory - Initialized JPA EntityManagerFactory for persistence unit 'default'
​​​​10:26:09​​​​ [main] WARN  org.hibernate.dialect.function.TemplateRenderer   ​​​​.render                         - HHH000174: Function template anticipated 3 arguments, but 2 arguments encountered
​​​​10:26:09​​​​ [main] INFO  com.ipiecoles.java.java350.Java350Application     ​​​​.logStarted                     - Started Java350Application in 2.018 seconds (JVM running for 2.819)
​​​​10:26:09​​​​ [SpringContextShutdownHook] INFO  org.springframework.orm.jpa.LocalContainerEntityManagerFactoryBean​​​​.destroy                        - Closing JPA EntityManagerFactory for persistence unit 'default'
​​​​10:26:09​​​​ [SpringContextShutdownHook] INFO  org.hibernate.tool.schema.internal.SchemaDropperImpl$DelayedDropActionImpl​​​​.perform                        - HHH000477: Starting delayed evictData of schema as part of SessionFactory shut-down'
​​​​10:26:09​​​​ [SpringContextShutdownHook] INFO  com.zaxxer.hikari.HikariDataSource                ​​​​.close                          - HikariPool-1 - Shutdown initiated...
​​​​10:26:09​​​​ [SpringContextShutdownHook] INFO  com.zaxxer.hikari.HikariDataSource                ​​​​.close                          - HikariPool-1 - Shutdown completed.
10:27:59 [main] INFO  com.ipiecoles.java.java350.Java350Application     .logStarting                    - Starting Java350Application on LH0MLPF1C4WRL with PID 12800 (started by E007548 in C:\Users\E007548\Documents\Cours\Qualite logiciel\ipi-java-350-ex)
10:28:00 [main] INFO  com.ipiecoles.java.java350.Java350Application     .logStartupProfileInfo          - No active profile set, falling back to default profiles: default
10:28:00 [main] INFO  o.s.d.r.config.RepositoryConfigurationDelegate    .registerRepositoriesIn         - Bootstrapping Spring Data JPA repositories in DEFAULT mode.
10:28:00 [main] INFO  o.s.d.r.config.RepositoryConfigurationDelegate    .registerRepositoriesIn         - Finished Spring Data repository scanning in 50ms. Found 1 JPA repository interfaces.
10:28:01 [main] INFO  com.zaxxer.hikari.HikariDataSource                .getConnection                  - HikariPool-1 - Starting...
10:28:01 [main] INFO  com.zaxxer.hikari.HikariDataSource                .getConnection                  - HikariPool-1 - Start completed.
10:28:01 [main] INFO  org.hibernate.jpa.internal.util.LogHelper         .logPersistenceUnitInformation  - HHH000204: Processing PersistenceUnitInfo [name: default]
10:28:01 [main] INFO  org.hibernate.Version                             .logVersion                     - HHH000412: Hibernate Core {5.4.9.Final}
10:28:01 [main] INFO  org.hibernate.annotations.common.Version          .<clinit>                       - HCANN000001: Hibernate Commons Annotations {5.1.0.Final}
10:28:01 [main] INFO  org.hibernate.dialect.Dialect                     .<init>                         - HHH000400: Using dialect: org.hibernate.dialect.H2Dialect
10:28:01 [main] INFO  o.h.e.t.jta.platform.internal.JtaPlatformInitiator.initiateService                - HHH000490: Using JtaPlatform implementation: [org.hibernate.engine.transaction.jta.platform.internal.NoJtaPlatform]
10:28:01 [main] INFO  o.s.orm.jpa.LocalContainerEntityManagerFactoryBean.buildNativeEntityManagerFactory - Initialized JPA EntityManagerFactory for persistence unit 'default'
10:28:01 [main] WARN  org.hibernate.dialect.function.TemplateRenderer   .render                         - HHH000174: Function template anticipated 3 arguments, but 2 arguments encountered
10:28:02 [main] INFO  com.ipiecoles.java.java350.Java350Application     .logStarted                     - Started Java350Application in 2.382 seconds (JVM running for 3.263)
10:28:02 [SpringContextShutdownHook] INFO  o.s.orm.jpa.LocalContainerEntityManagerFactoryBean.destroy                        - Closing JPA EntityManagerFactory for persistence unit 'default'
10:28:02 [SpringContextShutdownHook] INFO  o.h.t.s.i.SchemaDropperImpl$DelayedDropActionImpl .perform                        - HHH000477: Starting delayed evictData of schema as part of SessionFactory shut-down'
10:28:02 [SpringContextShutdownHook] INFO  com.zaxxer.hikari.HikariDataSource                .close                          - HikariPool-1 - Shutdown initiated...
10:28:02 [SpringContextShutdownHook] INFO  com.zaxxer.hikari.HikariDataSource                .close                          - HikariPool-1 - Shutdown completed.
08:40:08 [main] DEBUG org.springframework.test.context.BootstrapUtils   .createCacheAwareContextLoaderDelegate - Instantiating CacheAwareContextLoaderDelegate from class [org.springframework.test.context.cache.DefaultCacheAwareContextLoaderDelegate]
08:40:08 [main] DEBUG org.springframework.test.context.BootstrapUtils   .createBootstrapContext         - Instantiating BootstrapContext using constructor [public org.springframework.test.context.support.DefaultBootstrapContext(java.lang.Class,org.springframework.test.context.CacheAwareContextLoaderDelegate)]
08:40:08 [main] DEBUG org.springframework.test.context.BootstrapUtils   .resolveTestContextBootstrapper - Instantiating TestContextBootstrapper for test class [com.ipiecoles.java.java350.repository.EmployeRepositoryTest] from class [org.springframework.boot.test.autoconfigure.orm.jpa.DataJpaTestContextBootstrapper]
08:40:08 [main] INFO  o.s.b.t.a.orm.jpa.DataJpaTestContextBootstrapper  .buildDefaultMergedContextConfiguration - Neither @ContextConfiguration nor @ContextHierarchy found for test class [com.ipiecoles.java.java350.repository.EmployeRepositoryTest], using SpringBootContextLoader
08:40:08 [main] DEBUG o.s.test.context.support.AbstractContextLoader    .generateDefaultLocations       - Did not detect default resource location for test class [com.ipiecoles.java.java350.repository.EmployeRepositoryTest]: class path resource [com/ipiecoles/java/java350/repository/EmployeRepositoryTest-context.xml] does not exist
08:40:08 [main] DEBUG o.s.test.context.support.AbstractContextLoader    .generateDefaultLocations       - Did not detect default resource location for test class [com.ipiecoles.java.java350.repository.EmployeRepositoryTest]: class path resource [com/ipiecoles/java/java350/repository/EmployeRepositoryTestContext.groovy] does not exist
08:40:08 [main] INFO  o.s.test.context.support.AbstractContextLoader    .generateDefaultLocations       - Could not detect default resource locations for test class [com.ipiecoles.java.java350.repository.EmployeRepositoryTest]: no resource found for suffixes {-context.xml, Context.groovy}.
08:40:08 [main] INFO  o.s.t.c.support.AnnotationConfigContextLoaderUtils.detectDefaultConfigurationClasses - Could not detect default configuration classes for test class [com.ipiecoles.java.java350.repository.EmployeRepositoryTest]: EmployeRepositoryTest does not declare any static, non-private, non-final, nested classes annotated with @Configuration.
08:40:08 [main] DEBUG o.s.test.context.support.ActiveProfilesUtils      .resolveActiveProfiles          - Could not find an 'annotation declaring class' for annotation type [org.springframework.test.context.ActiveProfiles] and class [com.ipiecoles.java.java350.repository.EmployeRepositoryTest]
08:40:08 [main] DEBUG o.s.c.a.ClassPathScanningCandidateComponentProvider.scanCandidateComponents        - Identified candidate component class: file [C:\Users\E007548\Documents\Cours\Qualite logiciel\ipi-java-350-ex\target\classes\com\ipiecoles\java\java350\Java350Application.class]
08:40:08 [main] INFO  o.s.b.t.context.SpringBootTestContextBootstrapper .getOrFindConfigurationClasses  - Found @SpringBootConfiguration com.ipiecoles.java.java350.Java350Application for test class com.ipiecoles.java.java350.repository.EmployeRepositoryTest
08:40:08 [main] DEBUG o.s.b.t.a.orm.jpa.DataJpaTestContextBootstrapper  .getTestExecutionListeners      - @TestExecutionListeners is not present for class [com.ipiecoles.java.java350.repository.EmployeRepositoryTest]: using defaults.
08:40:08 [main] INFO  o.s.b.t.a.orm.jpa.DataJpaTestContextBootstrapper  .getDefaultTestExecutionListenerClassNames - Loaded default TestExecutionListener class names from location [META-INF/spring.factories]: [org.springframework.boot.test.mock.mockito.MockitoTestExecutionListener, org.springframework.boot.test.mock.mockito.ResetMocksTestExecutionListener, org.springframework.boot.test.autoconfigure.restdocs.RestDocsTestExecutionListener, org.springframework.boot.test.autoconfigure.web.client.MockRestServiceServerResetTestExecutionListener, org.springframework.boot.test.autoconfigure.web.servlet.MockMvcPrintOnlyOnFailureTestExecutionListener, org.springframework.boot.test.autoconfigure.web.servlet.WebDriverTestExecutionListener, org.springframework.test.context.web.ServletTestExecutionListener, org.springframework.test.context.support.DirtiesContextBeforeModesTestExecutionListener, org.springframework.test.context.support.DependencyInjectionTestExecutionListener, org.springframework.test.context.support.DirtiesContextTestExecutionListener, org.springframework.test.context.transaction.TransactionalTestExecutionListener, org.springframework.test.context.jdbc.SqlScriptsTestExecutionListener, org.springframework.test.context.event.EventPublishingTestExecutionListener]
08:40:08 [main] DEBUG o.s.b.t.a.orm.jpa.DataJpaTestContextBootstrapper  .instantiateListeners           - Skipping candidate TestExecutionListener [org.springframework.test.context.web.ServletTestExecutionListener] due to a missing dependency. Specify custom listener classes or make the default listener classes and their required dependencies available. Offending class: [javax/servlet/ServletContext]
08:40:08 [main] INFO  o.s.b.t.a.orm.jpa.DataJpaTestContextBootstrapper  .getTestExecutionListeners      - Using TestExecutionListeners: [org.springframework.test.context.support.DirtiesContextBeforeModesTestExecutionListener@7c840fe3, org.springframework.boot.test.mock.mockito.MockitoTestExecutionListener@59014efe, org.springframework.boot.test.autoconfigure.SpringBootDependencyInjectionTestExecutionListener@5f5923ef, org.springframework.test.context.support.DirtiesContextTestExecutionListener@7381d6f0, org.springframework.test.context.transaction.TransactionalTestExecutionListener@2f262474, org.springframework.test.context.jdbc.SqlScriptsTestExecutionListener@7c03f9d0, org.springframework.test.context.event.EventPublishingTestExecutionListener@6ad3fbe4, org.springframework.boot.test.mock.mockito.ResetMocksTestExecutionListener@17189618, org.springframework.boot.test.autoconfigure.restdocs.RestDocsTestExecutionListener@983050b, org.springframework.boot.test.autoconfigure.web.client.MockRestServiceServerResetTestExecutionListener@6aadb092, org.springframework.boot.test.autoconfigure.web.servlet.MockMvcPrintOnlyOnFailureTestExecutionListener@1f547af8, org.springframework.boot.test.autoconfigure.web.servlet.WebDriverTestExecutionListener@4caf875c]
08:40:08 [main] DEBUG o.s.t.c.s.AbstractDirtiesContextTestExecutionListener.beforeOrAfterTestClass         - Before test class: context [DefaultTestContext@146add7b testClass = EmployeRepositoryTest, testInstance = [null], testMethod = [null], testException = [null], mergedContextConfiguration = [MergedContextConfiguration@22368ddc testClass = EmployeRepositoryTest, locations = '{}', classes = '{class com.ipiecoles.java.java350.Java350Application}', contextInitializerClasses = '[]', activeProfiles = '{}', propertySourceLocations = '{}', propertySourceProperties = '{org.springframework.boot.test.autoconfigure.orm.jpa.DataJpaTestContextBootstrapper=true}', contextCustomizers = set[[ImportsContextCustomizer@72b10258 key = [org.springframework.boot.autoconfigure.cache.CacheAutoConfiguration, org.springframework.boot.autoconfigure.data.jpa.JpaRepositoriesAutoConfiguration, org.springframework.boot.autoconfigure.flyway.FlywayAutoConfiguration, org.springframework.boot.autoconfigure.jdbc.DataSourceAutoConfiguration, org.springframework.boot.autoconfigure.jdbc.DataSourceTransactionManagerAutoConfiguration, org.springframework.boot.autoconfigure.jdbc.JdbcTemplateAutoConfiguration, org.springframework.boot.autoconfigure.liquibase.LiquibaseAutoConfiguration, org.springframework.boot.autoconfigure.orm.jpa.HibernateJpaAutoConfiguration, org.springframework.boot.autoconfigure.transaction.TransactionAutoConfiguration, org.springframework.boot.test.autoconfigure.jdbc.TestDatabaseAutoConfiguration, org.springframework.boot.test.autoconfigure.orm.jpa.TestEntityManagerAutoConfiguration]], org.springframework.boot.test.context.filter.ExcludeFilterContextCustomizer@48368a08, org.springframework.boot.test.json.DuplicateJsonObjectContextCustomizerFactory$DuplicateJsonObjectContextCustomizer@2e1add6f, org.springframework.boot.test.mock.mockito.MockitoContextCustomizer@0, org.springframework.boot.test.autoconfigure.OverrideAutoConfigurationContextCustomizerFactory$DisableAutoConfigurationContextCustomizer@6c6379c, org.springframework.boot.test.autoconfigure.filter.TypeExcludeFiltersContextCustomizer@351584c0, org.springframework.boot.test.autoconfigure.properties.PropertyMappingContextCustomizer@ec8092f, org.springframework.boot.test.autoconfigure.web.servlet.WebDriverContextCustomizerFactory$Customizer@8ac512e], contextLoader = 'org.springframework.boot.test.context.SpringBootContextLoader', parent = [null]], attributes = map[[empty]]], class annotated with @DirtiesContext [false] with mode [null].
08:40:08 [main] DEBUG o.s.t.c.s.DependencyInjectionTestExecutionListener.prepareTestInstance            - Performing dependency injection for test context [[DefaultTestContext@146add7b testClass = EmployeRepositoryTest, testInstance = com.ipiecoles.java.java350.repository.EmployeRepositoryTest@71df5f30, testMethod = [null], testException = [null], mergedContextConfiguration = [MergedContextConfiguration@22368ddc testClass = EmployeRepositoryTest, locations = '{}', classes = '{class com.ipiecoles.java.java350.Java350Application}', contextInitializerClasses = '[]', activeProfiles = '{}', propertySourceLocations = '{}', propertySourceProperties = '{org.springframework.boot.test.autoconfigure.orm.jpa.DataJpaTestContextBootstrapper=true}', contextCustomizers = set[[ImportsContextCustomizer@72b10258 key = [org.springframework.boot.autoconfigure.cache.CacheAutoConfiguration, org.springframework.boot.autoconfigure.data.jpa.JpaRepositoriesAutoConfiguration, org.springframework.boot.autoconfigure.flyway.FlywayAutoConfiguration, org.springframework.boot.autoconfigure.jdbc.DataSourceAutoConfiguration, org.springframework.boot.autoconfigure.jdbc.DataSourceTransactionManagerAutoConfiguration, org.springframework.boot.autoconfigure.jdbc.JdbcTemplateAutoConfiguration, org.springframework.boot.autoconfigure.liquibase.LiquibaseAutoConfiguration, org.springframework.boot.autoconfigure.orm.jpa.HibernateJpaAutoConfiguration, org.springframework.boot.autoconfigure.transaction.TransactionAutoConfiguration, org.springframework.boot.test.autoconfigure.jdbc.TestDatabaseAutoConfiguration, org.springframework.boot.test.autoconfigure.orm.jpa.TestEntityManagerAutoConfiguration]], org.springframework.boot.test.context.filter.ExcludeFilterContextCustomizer@48368a08, org.springframework.boot.test.json.DuplicateJsonObjectContextCustomizerFactory$DuplicateJsonObjectContextCustomizer@2e1add6f, org.springframework.boot.test.mock.mockito.MockitoContextCustomizer@0, org.springframework.boot.test.autoconfigure.OverrideAutoConfigurationContextCustomizerFactory$DisableAutoConfigurationContextCustomizer@6c6379c, org.springframework.boot.test.autoconfigure.filter.TypeExcludeFiltersContextCustomizer@351584c0, org.springframework.boot.test.autoconfigure.properties.PropertyMappingContextCustomizer@ec8092f, org.springframework.boot.test.autoconfigure.web.servlet.WebDriverContextCustomizerFactory$Customizer@8ac512e], contextLoader = 'org.springframework.boot.test.context.SpringBootContextLoader', parent = [null]], attributes = map[[empty]]]].
08:40:08 [main] DEBUG o.s.test.context.support.TestPropertySourceUtils  .addInlinedPropertiesToEnvironment - Adding inlined properties to environment: {spring.jmx.enabled=false, org.springframework.boot.test.autoconfigure.orm.jpa.DataJpaTestContextBootstrapper=true, server.port=-1}
08:40:09 [main] INFO  c.i.java.java350.repository.EmployeRepositoryTest .logStarting                    - Starting EmployeRepositoryTest on LH0MLPF1C4WRL with PID 15244 (started by E007548 in C:\Users\E007548\Documents\Cours\Qualite logiciel\ipi-java-350-ex)
08:40:09 [main] INFO  c.i.java.java350.repository.EmployeRepositoryTest .logStartupProfileInfo          - No active profile set, falling back to default profiles: default
08:40:09 [main] INFO  o.s.d.r.config.RepositoryConfigurationDelegate    .registerRepositoriesIn         - Bootstrapping Spring Data JPA repositories in DEFAULT mode.
08:40:10 [main] INFO  o.s.d.r.config.RepositoryConfigurationDelegate    .registerRepositoriesIn         - Finished Spring Data repository scanning in 91ms. Found 1 JPA repository interfaces.
08:40:10 [main] INFO  o.s.b.t.a.j.TestDatabaseAutoConfiguration$EmbeddedDataSourceBeanFactoryPostProcessor.process                        - Replacing 'dataSource' DataSource bean with embedded version
08:40:10 [main] INFO  o.s.j.datasource.embedded.EmbeddedDatabaseFactory .initDatabase                   - Starting embedded database: url='jdbc:h2:mem:6d429346-d276-41f4-bb7b-039e35699cf4;DB_CLOSE_DELAY=-1;DB_CLOSE_ON_EXIT=false', username='sa'
08:40:12 [main] INFO  org.hibernate.jpa.internal.util.LogHelper         .logPersistenceUnitInformation  - HHH000204: Processing PersistenceUnitInfo [name: default]
08:40:12 [main] INFO  org.hibernate.Version                             .logVersion                     - HHH000412: Hibernate Core {5.4.9.Final}
08:40:12 [main] INFO  org.hibernate.annotations.common.Version          .<clinit>                       - HCANN000001: Hibernate Commons Annotations {5.1.0.Final}
08:40:13 [main] INFO  org.hibernate.dialect.Dialect                     .<init>                         - HHH000400: Using dialect: org.hibernate.dialect.H2Dialect
08:40:14 [main] INFO  o.h.e.t.jta.platform.internal.JtaPlatformInitiator.initiateService                - HHH000490: Using JtaPlatform implementation: [org.hibernate.engine.transaction.jta.platform.internal.NoJtaPlatform]
08:40:14 [main] INFO  o.s.orm.jpa.LocalContainerEntityManagerFactoryBean.buildNativeEntityManagerFactory - Initialized JPA EntityManagerFactory for persistence unit 'default'
08:40:15 [main] WARN  org.hibernate.dialect.function.TemplateRenderer   .render                         - HHH000174: Function template anticipated 3 arguments, but 2 arguments encountered
08:40:15 [main] INFO  c.i.java.java350.repository.EmployeRepositoryTest .logStarted                     - Started EmployeRepositoryTest in 6.434 seconds (JVM running for 9.033)
08:40:15 [main] INFO  o.s.test.context.transaction.TransactionContext   .startTransaction               - Began transaction (1) for test context [DefaultTestContext@146add7b testClass = EmployeRepositoryTest, testInstance = com.ipiecoles.java.java350.repository.EmployeRepositoryTest@71df5f30, testMethod = findLastMatriculeOneEmploye@EmployeRepositoryTest, testException = [null], mergedContextConfiguration = [MergedContextConfiguration@22368ddc testClass = EmployeRepositoryTest, locations = '{}', classes = '{class com.ipiecoles.java.java350.Java350Application}', contextInitializerClasses = '[]', activeProfiles = '{}', propertySourceLocations = '{}', propertySourceProperties = '{org.springframework.boot.test.autoconfigure.orm.jpa.DataJpaTestContextBootstrapper=true}', contextCustomizers = set[[ImportsContextCustomizer@72b10258 key = [org.springframework.boot.autoconfigure.cache.CacheAutoConfiguration, org.springframework.boot.autoconfigure.data.jpa.JpaRepositoriesAutoConfiguration, org.springframework.boot.autoconfigure.flyway.FlywayAutoConfiguration, org.springframework.boot.autoconfigure.jdbc.DataSourceAutoConfiguration, org.springframework.boot.autoconfigure.jdbc.DataSourceTransactionManagerAutoConfiguration, org.springframework.boot.autoconfigure.jdbc.JdbcTemplateAutoConfiguration, org.springframework.boot.autoconfigure.liquibase.LiquibaseAutoConfiguration, org.springframework.boot.autoconfigure.orm.jpa.HibernateJpaAutoConfiguration, org.springframework.boot.autoconfigure.transaction.TransactionAutoConfiguration, org.springframework.boot.test.autoconfigure.jdbc.TestDatabaseAutoConfiguration, org.springframework.boot.test.autoconfigure.orm.jpa.TestEntityManagerAutoConfiguration]], org.springframework.boot.test.context.filter.ExcludeFilterContextCustomizer@48368a08, org.springframework.boot.test.json.DuplicateJsonObjectContextCustomizerFactory$DuplicateJsonObjectContextCustomizer@2e1add6f, org.springframework.boot.test.mock.mockito.MockitoContextCustomizer@0, org.springframework.boot.test.autoconfigure.OverrideAutoConfigurationContextCustomizerFactory$DisableAutoConfigurationContextCustomizer@6c6379c, org.springframework.boot.test.autoconfigure.filter.TypeExcludeFiltersContextCustomizer@351584c0, org.springframework.boot.test.autoconfigure.properties.PropertyMappingContextCustomizer@ec8092f, org.springframework.boot.test.autoconfigure.web.servlet.WebDriverContextCustomizerFactory$Customizer@8ac512e], contextLoader = 'org.springframework.boot.test.context.SpringBootContextLoader', parent = [null]], attributes = map[[empty]]]; transaction manager [org.springframework.orm.jpa.JpaTransactionManager@929b525]; rollback [true]
08:40:15 [main] INFO  o.s.test.context.transaction.TransactionContext   .endTransaction                 - Rolled back transaction for test: [DefaultTestContext@146add7b testClass = EmployeRepositoryTest, testInstance = com.ipiecoles.java.java350.repository.EmployeRepositoryTest@71df5f30, testMethod = findLastMatriculeOneEmploye@EmployeRepositoryTest, testException = [null], mergedContextConfiguration = [MergedContextConfiguration@22368ddc testClass = EmployeRepositoryTest, locations = '{}', classes = '{class com.ipiecoles.java.java350.Java350Application}', contextInitializerClasses = '[]', activeProfiles = '{}', propertySourceLocations = '{}', propertySourceProperties = '{org.springframework.boot.test.autoconfigure.orm.jpa.DataJpaTestContextBootstrapper=true}', contextCustomizers = set[[ImportsContextCustomizer@72b10258 key = [org.springframework.boot.autoconfigure.cache.CacheAutoConfiguration, org.springframework.boot.autoconfigure.data.jpa.JpaRepositoriesAutoConfiguration, org.springframework.boot.autoconfigure.flyway.FlywayAutoConfiguration, org.springframework.boot.autoconfigure.jdbc.DataSourceAutoConfiguration, org.springframework.boot.autoconfigure.jdbc.DataSourceTransactionManagerAutoConfiguration, org.springframework.boot.autoconfigure.jdbc.JdbcTemplateAutoConfiguration, org.springframework.boot.autoconfigure.liquibase.LiquibaseAutoConfiguration, org.springframework.boot.autoconfigure.orm.jpa.HibernateJpaAutoConfiguration, org.springframework.boot.autoconfigure.transaction.TransactionAutoConfiguration, org.springframework.boot.test.autoconfigure.jdbc.TestDatabaseAutoConfiguration, org.springframework.boot.test.autoconfigure.orm.jpa.TestEntityManagerAutoConfiguration]], org.springframework.boot.test.context.filter.ExcludeFilterContextCustomizer@48368a08, org.springframework.boot.test.json.DuplicateJsonObjectContextCustomizerFactory$DuplicateJsonObjectContextCustomizer@2e1add6f, org.springframework.boot.test.mock.mockito.MockitoContextCustomizer@0, org.springframework.boot.test.autoconfigure.OverrideAutoConfigurationContextCustomizerFactory$DisableAutoConfigurationContextCustomizer@6c6379c, org.springframework.boot.test.autoconfigure.filter.TypeExcludeFiltersContextCustomizer@351584c0, org.springframework.boot.test.autoconfigure.properties.PropertyMappingContextCustomizer@ec8092f, org.springframework.boot.test.autoconfigure.web.servlet.WebDriverContextCustomizerFactory$Customizer@8ac512e], contextLoader = 'org.springframework.boot.test.context.SpringBootContextLoader', parent = [null]], attributes = map[[empty]]]
08:40:15 [main] INFO  o.s.test.context.transaction.TransactionContext   .startTransaction               - Began transaction (1) for test context [DefaultTestContext@146add7b testClass = EmployeRepositoryTest, testInstance = com.ipiecoles.java.java350.repository.EmployeRepositoryTest@593bd947, testMethod = findLastMatriculeBase@EmployeRepositoryTest, testException = [null], mergedContextConfiguration = [MergedContextConfiguration@22368ddc testClass = EmployeRepositoryTest, locations = '{}', classes = '{class com.ipiecoles.java.java350.Java350Application}', contextInitializerClasses = '[]', activeProfiles = '{}', propertySourceLocations = '{}', propertySourceProperties = '{org.springframework.boot.test.autoconfigure.orm.jpa.DataJpaTestContextBootstrapper=true}', contextCustomizers = set[[ImportsContextCustomizer@72b10258 key = [org.springframework.boot.autoconfigure.cache.CacheAutoConfiguration, org.springframework.boot.autoconfigure.data.jpa.JpaRepositoriesAutoConfiguration, org.springframework.boot.autoconfigure.flyway.FlywayAutoConfiguration, org.springframework.boot.autoconfigure.jdbc.DataSourceAutoConfiguration, org.springframework.boot.autoconfigure.jdbc.DataSourceTransactionManagerAutoConfiguration, org.springframework.boot.autoconfigure.jdbc.JdbcTemplateAutoConfiguration, org.springframework.boot.autoconfigure.liquibase.LiquibaseAutoConfiguration, org.springframework.boot.autoconfigure.orm.jpa.HibernateJpaAutoConfiguration, org.springframework.boot.autoconfigure.transaction.TransactionAutoConfiguration, org.springframework.boot.test.autoconfigure.jdbc.TestDatabaseAutoConfiguration, org.springframework.boot.test.autoconfigure.orm.jpa.TestEntityManagerAutoConfiguration]], org.springframework.boot.test.context.filter.ExcludeFilterContextCustomizer@48368a08, org.springframework.boot.test.json.DuplicateJsonObjectContextCustomizerFactory$DuplicateJsonObjectContextCustomizer@2e1add6f, org.springframework.boot.test.mock.mockito.MockitoContextCustomizer@0, org.springframework.boot.test.autoconfigure.OverrideAutoConfigurationContextCustomizerFactory$DisableAutoConfigurationContextCustomizer@6c6379c, org.springframework.boot.test.autoconfigure.filter.TypeExcludeFiltersContextCustomizer@351584c0, org.springframework.boot.test.autoconfigure.properties.PropertyMappingContextCustomizer@ec8092f, org.springframework.boot.test.autoconfigure.web.servlet.WebDriverContextCustomizerFactory$Customizer@8ac512e], contextLoader = 'org.springframework.boot.test.context.SpringBootContextLoader', parent = [null]], attributes = map[[empty]]]; transaction manager [org.springframework.orm.jpa.JpaTransactionManager@929b525]; rollback [true]
08:40:15 [main] INFO  o.s.test.context.transaction.TransactionContext   .endTransaction                 - Rolled back transaction for test: [DefaultTestContext@146add7b testClass = EmployeRepositoryTest, testInstance = com.ipiecoles.java.java350.repository.EmployeRepositoryTest@593bd947, testMethod = findLastMatriculeBase@EmployeRepositoryTest, testException = [null], mergedContextConfiguration = [MergedContextConfiguration@22368ddc testClass = EmployeRepositoryTest, locations = '{}', classes = '{class com.ipiecoles.java.java350.Java350Application}', contextInitializerClasses = '[]', activeProfiles = '{}', propertySourceLocations = '{}', propertySourceProperties = '{org.springframework.boot.test.autoconfigure.orm.jpa.DataJpaTestContextBootstrapper=true}', contextCustomizers = set[[ImportsContextCustomizer@72b10258 key = [org.springframework.boot.autoconfigure.cache.CacheAutoConfiguration, org.springframework.boot.autoconfigure.data.jpa.JpaRepositoriesAutoConfiguration, org.springframework.boot.autoconfigure.flyway.FlywayAutoConfiguration, org.springframework.boot.autoconfigure.jdbc.DataSourceAutoConfiguration, org.springframework.boot.autoconfigure.jdbc.DataSourceTransactionManagerAutoConfiguration, org.springframework.boot.autoconfigure.jdbc.JdbcTemplateAutoConfiguration, org.springframework.boot.autoconfigure.liquibase.LiquibaseAutoConfiguration, org.springframework.boot.autoconfigure.orm.jpa.HibernateJpaAutoConfiguration, org.springframework.boot.autoconfigure.transaction.TransactionAutoConfiguration, org.springframework.boot.test.autoconfigure.jdbc.TestDatabaseAutoConfiguration, org.springframework.boot.test.autoconfigure.orm.jpa.TestEntityManagerAutoConfiguration]], org.springframework.boot.test.context.filter.ExcludeFilterContextCustomizer@48368a08, org.springframework.boot.test.json.DuplicateJsonObjectContextCustomizerFactory$DuplicateJsonObjectContextCustomizer@2e1add6f, org.springframework.boot.test.mock.mockito.MockitoContextCustomizer@0, org.springframework.boot.test.autoconfigure.OverrideAutoConfigurationContextCustomizerFactory$DisableAutoConfigurationContextCustomizer@6c6379c, org.springframework.boot.test.autoconfigure.filter.TypeExcludeFiltersContextCustomizer@351584c0, org.springframework.boot.test.autoconfigure.properties.PropertyMappingContextCustomizer@ec8092f, org.springframework.boot.test.autoconfigure.web.servlet.WebDriverContextCustomizerFactory$Customizer@8ac512e], contextLoader = 'org.springframework.boot.test.context.SpringBootContextLoader', parent = [null]], attributes = map[[empty]]]
08:40:15 [main] INFO  o.s.test.context.transaction.TransactionContext   .startTransaction               - Began transaction (1) for test context [DefaultTestContext@146add7b testClass = EmployeRepositoryTest, testInstance = com.ipiecoles.java.java350.repository.EmployeRepositoryTest@dc4c63, testMethod = findLastMatriculeNull@EmployeRepositoryTest, testException = [null], mergedContextConfiguration = [MergedContextConfiguration@22368ddc testClass = EmployeRepositoryTest, locations = '{}', classes = '{class com.ipiecoles.java.java350.Java350Application}', contextInitializerClasses = '[]', activeProfiles = '{}', propertySourceLocations = '{}', propertySourceProperties = '{org.springframework.boot.test.autoconfigure.orm.jpa.DataJpaTestContextBootstrapper=true}', contextCustomizers = set[[ImportsContextCustomizer@72b10258 key = [org.springframework.boot.autoconfigure.cache.CacheAutoConfiguration, org.springframework.boot.autoconfigure.data.jpa.JpaRepositoriesAutoConfiguration, org.springframework.boot.autoconfigure.flyway.FlywayAutoConfiguration, org.springframework.boot.autoconfigure.jdbc.DataSourceAutoConfiguration, org.springframework.boot.autoconfigure.jdbc.DataSourceTransactionManagerAutoConfiguration, org.springframework.boot.autoconfigure.jdbc.JdbcTemplateAutoConfiguration, org.springframework.boot.autoconfigure.liquibase.LiquibaseAutoConfiguration, org.springframework.boot.autoconfigure.orm.jpa.HibernateJpaAutoConfiguration, org.springframework.boot.autoconfigure.transaction.TransactionAutoConfiguration, org.springframework.boot.test.autoconfigure.jdbc.TestDatabaseAutoConfiguration, org.springframework.boot.test.autoconfigure.orm.jpa.TestEntityManagerAutoConfiguration]], org.springframework.boot.test.context.filter.ExcludeFilterContextCustomizer@48368a08, org.springframework.boot.test.json.DuplicateJsonObjectContextCustomizerFactory$DuplicateJsonObjectContextCustomizer@2e1add6f, org.springframework.boot.test.mock.mockito.MockitoContextCustomizer@0, org.springframework.boot.test.autoconfigure.OverrideAutoConfigurationContextCustomizerFactory$DisableAutoConfigurationContextCustomizer@6c6379c, org.springframework.boot.test.autoconfigure.filter.TypeExcludeFiltersContextCustomizer@351584c0, org.springframework.boot.test.autoconfigure.properties.PropertyMappingContextCustomizer@ec8092f, org.springframework.boot.test.autoconfigure.web.servlet.WebDriverContextCustomizerFactory$Customizer@8ac512e], contextLoader = 'org.springframework.boot.test.context.SpringBootContextLoader', parent = [null]], attributes = map[[empty]]]; transaction manager [org.springframework.orm.jpa.JpaTransactionManager@929b525]; rollback [true]
08:40:15 [main] INFO  o.s.test.context.transaction.TransactionContext   .endTransaction                 - Rolled back transaction for test: [DefaultTestContext@146add7b testClass = EmployeRepositoryTest, testInstance = com.ipiecoles.java.java350.repository.EmployeRepositoryTest@dc4c63, testMethod = findLastMatriculeNull@EmployeRepositoryTest, testException = [null], mergedContextConfiguration = [MergedContextConfiguration@22368ddc testClass = EmployeRepositoryTest, locations = '{}', classes = '{class com.ipiecoles.java.java350.Java350Application}', contextInitializerClasses = '[]', activeProfiles = '{}', propertySourceLocations = '{}', propertySourceProperties = '{org.springframework.boot.test.autoconfigure.orm.jpa.DataJpaTestContextBootstrapper=true}', contextCustomizers = set[[ImportsContextCustomizer@72b10258 key = [org.springframework.boot.autoconfigure.cache.CacheAutoConfiguration, org.springframework.boot.autoconfigure.data.jpa.JpaRepositoriesAutoConfiguration, org.springframework.boot.autoconfigure.flyway.FlywayAutoConfiguration, org.springframework.boot.autoconfigure.jdbc.DataSourceAutoConfiguration, org.springframework.boot.autoconfigure.jdbc.DataSourceTransactionManagerAutoConfiguration, org.springframework.boot.autoconfigure.jdbc.JdbcTemplateAutoConfiguration, org.springframework.boot.autoconfigure.liquibase.LiquibaseAutoConfiguration, org.springframework.boot.autoconfigure.orm.jpa.HibernateJpaAutoConfiguration, org.springframework.boot.autoconfigure.transaction.TransactionAutoConfiguration, org.springframework.boot.test.autoconfigure.jdbc.TestDatabaseAutoConfiguration, org.springframework.boot.test.autoconfigure.orm.jpa.TestEntityManagerAutoConfiguration]], org.springframework.boot.test.context.filter.ExcludeFilterContextCustomizer@48368a08, org.springframework.boot.test.json.DuplicateJsonObjectContextCustomizerFactory$DuplicateJsonObjectContextCustomizer@2e1add6f, org.springframework.boot.test.mock.mockito.MockitoContextCustomizer@0, org.springframework.boot.test.autoconfigure.OverrideAutoConfigurationContextCustomizerFactory$DisableAutoConfigurationContextCustomizer@6c6379c, org.springframework.boot.test.autoconfigure.filter.TypeExcludeFiltersContextCustomizer@351584c0, org.springframework.boot.test.autoconfigure.properties.PropertyMappingContextCustomizer@ec8092f, org.springframework.boot.test.autoconfigure.web.servlet.WebDriverContextCustomizerFactory$Customizer@8ac512e], contextLoader = 'org.springframework.boot.test.context.SpringBootContextLoader', parent = [null]], attributes = map[[empty]]]
08:40:15 [main] INFO  o.s.b.t.context.SpringBootTestContextBootstrapper .buildDefaultMergedContextConfiguration - Neither @ContextConfiguration nor @ContextHierarchy found for test class [com.ipiecoles.java.java350.service.EmployeServiceIntegrationTest], using SpringBootContextLoader
08:40:15 [main] INFO  o.s.test.context.support.AbstractContextLoader    .generateDefaultLocations       - Could not detect default resource locations for test class [com.ipiecoles.java.java350.service.EmployeServiceIntegrationTest]: no resource found for suffixes {-context.xml, Context.groovy}.
08:40:15 [main] INFO  o.s.t.c.support.AnnotationConfigContextLoaderUtils.detectDefaultConfigurationClasses - Could not detect default configuration classes for test class [com.ipiecoles.java.java350.service.EmployeServiceIntegrationTest]: EmployeServiceIntegrationTest does not declare any static, non-private, non-final, nested classes annotated with @Configuration.
08:40:15 [main] INFO  o.s.b.t.context.SpringBootTestContextBootstrapper .getOrFindConfigurationClasses  - Found @SpringBootConfiguration com.ipiecoles.java.java350.Java350Application for test class com.ipiecoles.java.java350.service.EmployeServiceIntegrationTest
08:40:15 [main] INFO  o.s.b.t.context.SpringBootTestContextBootstrapper .getDefaultTestExecutionListenerClassNames - Loaded default TestExecutionListener class names from location [META-INF/spring.factories]: [org.springframework.boot.test.mock.mockito.MockitoTestExecutionListener, org.springframework.boot.test.mock.mockito.ResetMocksTestExecutionListener, org.springframework.boot.test.autoconfigure.restdocs.RestDocsTestExecutionListener, org.springframework.boot.test.autoconfigure.web.client.MockRestServiceServerResetTestExecutionListener, org.springframework.boot.test.autoconfigure.web.servlet.MockMvcPrintOnlyOnFailureTestExecutionListener, org.springframework.boot.test.autoconfigure.web.servlet.WebDriverTestExecutionListener, org.springframework.test.context.web.ServletTestExecutionListener, org.springframework.test.context.support.DirtiesContextBeforeModesTestExecutionListener, org.springframework.test.context.support.DependencyInjectionTestExecutionListener, org.springframework.test.context.support.DirtiesContextTestExecutionListener, org.springframework.test.context.transaction.TransactionalTestExecutionListener, org.springframework.test.context.jdbc.SqlScriptsTestExecutionListener, org.springframework.test.context.event.EventPublishingTestExecutionListener]
08:40:15 [main] INFO  o.s.b.t.context.SpringBootTestContextBootstrapper .getTestExecutionListeners      - Using TestExecutionListeners: [org.springframework.test.context.support.DirtiesContextBeforeModesTestExecutionListener@40735f3b, org.springframework.boot.test.mock.mockito.MockitoTestExecutionListener@3ab8884f, org.springframework.boot.test.autoconfigure.SpringBootDependencyInjectionTestExecutionListener@5c93f118, org.springframework.test.context.support.DirtiesContextTestExecutionListener@24fec22, org.springframework.test.context.transaction.TransactionalTestExecutionListener@589fe1d7, org.springframework.test.context.jdbc.SqlScriptsTestExecutionListener@269be07b, org.springframework.test.context.event.EventPublishingTestExecutionListener@6543de81, org.springframework.boot.test.mock.mockito.ResetMocksTestExecutionListener@181000f7, org.springframework.boot.test.autoconfigure.restdocs.RestDocsTestExecutionListener@3f26cb7b, org.springframework.boot.test.autoconfigure.web.client.MockRestServiceServerResetTestExecutionListener@46c77cdc, org.springframework.boot.test.autoconfigure.web.servlet.MockMvcPrintOnlyOnFailureTestExecutionListener@3d0b0553, org.springframework.boot.test.autoconfigure.web.servlet.WebDriverTestExecutionListener@2584bdbd]
08:40:15 [main] INFO  c.i.j.j.service.EmployeServiceIntegrationTest     .logStarting                    - Starting EmployeServiceIntegrationTest on LH0MLPF1C4WRL with PID 15244 (started by E007548 in C:\Users\E007548\Documents\Cours\Qualite logiciel\ipi-java-350-ex)
08:40:15 [main] INFO  c.i.j.j.service.EmployeServiceIntegrationTest     .logStartupProfileInfo          - No active profile set, falling back to default profiles: default
08:40:16 [main] INFO  o.s.d.r.config.RepositoryConfigurationDelegate    .registerRepositoriesIn         - Bootstrapping Spring Data JPA repositories in DEFAULT mode.
08:40:16 [main] INFO  o.s.d.r.config.RepositoryConfigurationDelegate    .registerRepositoriesIn         - Finished Spring Data repository scanning in 17ms. Found 1 JPA repository interfaces.
08:40:16 [main] INFO  com.zaxxer.hikari.HikariDataSource                .getConnection                  - HikariPool-1 - Starting...
08:40:16 [main] INFO  com.zaxxer.hikari.HikariDataSource                .getConnection                  - HikariPool-1 - Start completed.
08:40:16 [main] INFO  org.hibernate.jpa.internal.util.LogHelper         .logPersistenceUnitInformation  - HHH000204: Processing PersistenceUnitInfo [name: default]
08:40:16 [main] INFO  org.hibernate.dialect.Dialect                     .<init>                         - HHH000400: Using dialect: org.hibernate.dialect.H2Dialect
08:40:16 [main] INFO  o.h.e.t.jta.platform.internal.JtaPlatformInitiator.initiateService                - HHH000490: Using JtaPlatform implementation: [org.hibernate.engine.transaction.jta.platform.internal.NoJtaPlatform]
08:40:16 [main] INFO  o.s.orm.jpa.LocalContainerEntityManagerFactoryBean.buildNativeEntityManagerFactory - Initialized JPA EntityManagerFactory for persistence unit 'default'
08:40:16 [main] WARN  org.hibernate.dialect.function.TemplateRenderer   .render                         - HHH000174: Function template anticipated 3 arguments, but 2 arguments encountered
08:40:17 [main] INFO  c.i.j.j.service.EmployeServiceIntegrationTest     .logStarted                     - Started EmployeServiceIntegrationTest in 1.506 seconds (JVM running for 10.943)
08:40:17 [main] INFO  com.ipiecoles.java.java350.service.EmployeService .embaucheEmploye                - Dbut d'embauche pour Jean au poste de MANAGER avec un taux d'activit de 1.0
08:40:17 [main] INFO  com.ipiecoles.java.java350.service.EmployeService .embaucheEmploye                - Dbut d'embauche pour Jean au poste de MANAGER avec un taux d'activit de 0.5
08:40:17 [main] INFO  com.ipiecoles.java.java350.service.EmployeService .embaucheEmploye                - Dbut d'embauche pour Jean au poste de TECHNICIEN avec un taux d'activit de 1.0
08:40:17 [main] INFO  com.ipiecoles.java.java350.service.EmployeService .embaucheEmploye                - Dbut d'embauche pour Jean au poste de TECHNICIEN avec un taux d'activit de 1.0
08:40:17 [main] INFO  com.ipiecoles.java.java350.service.EmployeService .embaucheEmploye                - Dbut d'embauche pour Jean au poste de MANAGER avec un taux d'activit de 0.5
08:40:17 [main] ERROR com.ipiecoles.java.java350.service.EmployeService .embaucheEmploye                - Limite des 100000 matricules atteinte !
08:40:17 [main] INFO  com.ipiecoles.java.java350.service.EmployeService .embaucheEmploye                - Dbut d'embauche pour Jean au poste de TECHNICIEN avec un taux d'activit de 1.0
08:40:17 [main] ERROR com.ipiecoles.java.java350.service.EmployeService .embaucheEmploye                - L'employ de matricule T12345 existe dj en BDD
08:40:17 [SpringContextShutdownHook] INFO  o.s.orm.jpa.LocalContainerEntityManagerFactoryBean.destroy                        - Closing JPA EntityManagerFactory for persistence unit 'default'
08:40:17 [SpringContextShutdownHook] INFO  o.s.orm.jpa.LocalContainerEntityManagerFactoryBean.destroy                        - Closing JPA EntityManagerFactory for persistence unit 'default'
08:40:17 [SpringContextShutdownHook] INFO  o.h.t.s.i.SchemaDropperImpl$DelayedDropActionImpl .perform                        - HHH000477: Starting delayed evictData of schema as part of SessionFactory shut-down'
08:40:17 [SpringContextShutdownHook] INFO  o.h.t.s.i.SchemaDropperImpl$DelayedDropActionImpl .perform                        - HHH000477: Starting delayed evictData of schema as part of SessionFactory shut-down'
08:40:18 [SpringContextShutdownHook] INFO  com.zaxxer.hikari.HikariDataSource                .close                          - HikariPool-1 - Shutdown initiated...
08:40:18 [SpringContextShutdownHook] INFO  com.zaxxer.hikari.HikariDataSource                .close                          - HikariPool-1 - Shutdown completed.
08:45:39 [main] DEBUG org.springframework.test.context.BootstrapUtils   .createCacheAwareContextLoaderDelegate - Instantiating CacheAwareContextLoaderDelegate from class [org.springframework.test.context.cache.DefaultCacheAwareContextLoaderDelegate]
08:45:39 [main] DEBUG org.springframework.test.context.BootstrapUtils   .createBootstrapContext         - Instantiating BootstrapContext using constructor [public org.springframework.test.context.support.DefaultBootstrapContext(java.lang.Class,org.springframework.test.context.CacheAwareContextLoaderDelegate)]
08:45:39 [main] DEBUG org.springframework.test.context.BootstrapUtils   .resolveTestContextBootstrapper - Instantiating TestContextBootstrapper for test class [com.ipiecoles.java.java350.repository.EmployeRepositoryTest] from class [org.springframework.boot.test.autoconfigure.orm.jpa.DataJpaTestContextBootstrapper]
08:45:39 [main] INFO  o.s.b.t.a.orm.jpa.DataJpaTestContextBootstrapper  .buildDefaultMergedContextConfiguration - Neither @ContextConfiguration nor @ContextHierarchy found for test class [com.ipiecoles.java.java350.repository.EmployeRepositoryTest], using SpringBootContextLoader
08:45:39 [main] DEBUG o.s.test.context.support.AbstractContextLoader    .generateDefaultLocations       - Did not detect default resource location for test class [com.ipiecoles.java.java350.repository.EmployeRepositoryTest]: class path resource [com/ipiecoles/java/java350/repository/EmployeRepositoryTest-context.xml] does not exist
08:45:39 [main] DEBUG o.s.test.context.support.AbstractContextLoader    .generateDefaultLocations       - Did not detect default resource location for test class [com.ipiecoles.java.java350.repository.EmployeRepositoryTest]: class path resource [com/ipiecoles/java/java350/repository/EmployeRepositoryTestContext.groovy] does not exist
08:45:39 [main] INFO  o.s.test.context.support.AbstractContextLoader    .generateDefaultLocations       - Could not detect default resource locations for test class [com.ipiecoles.java.java350.repository.EmployeRepositoryTest]: no resource found for suffixes {-context.xml, Context.groovy}.
08:45:39 [main] INFO  o.s.t.c.support.AnnotationConfigContextLoaderUtils.detectDefaultConfigurationClasses - Could not detect default configuration classes for test class [com.ipiecoles.java.java350.repository.EmployeRepositoryTest]: EmployeRepositoryTest does not declare any static, non-private, non-final, nested classes annotated with @Configuration.
08:45:39 [main] DEBUG o.s.test.context.support.ActiveProfilesUtils      .resolveActiveProfiles          - Could not find an 'annotation declaring class' for annotation type [org.springframework.test.context.ActiveProfiles] and class [com.ipiecoles.java.java350.repository.EmployeRepositoryTest]
08:45:39 [main] DEBUG o.s.c.a.ClassPathScanningCandidateComponentProvider.scanCandidateComponents        - Identified candidate component class: file [C:\Users\E007548\Documents\Cours\Qualite logiciel\ipi-java-350-ex\target\classes\com\ipiecoles\java\java350\Java350Application.class]
08:45:39 [main] INFO  o.s.b.t.context.SpringBootTestContextBootstrapper .getOrFindConfigurationClasses  - Found @SpringBootConfiguration com.ipiecoles.java.java350.Java350Application for test class com.ipiecoles.java.java350.repository.EmployeRepositoryTest
08:45:39 [main] DEBUG o.s.b.t.a.orm.jpa.DataJpaTestContextBootstrapper  .getTestExecutionListeners      - @TestExecutionListeners is not present for class [com.ipiecoles.java.java350.repository.EmployeRepositoryTest]: using defaults.
08:45:39 [main] INFO  o.s.b.t.a.orm.jpa.DataJpaTestContextBootstrapper  .getDefaultTestExecutionListenerClassNames - Loaded default TestExecutionListener class names from location [META-INF/spring.factories]: [org.springframework.boot.test.mock.mockito.MockitoTestExecutionListener, org.springframework.boot.test.mock.mockito.ResetMocksTestExecutionListener, org.springframework.boot.test.autoconfigure.restdocs.RestDocsTestExecutionListener, org.springframework.boot.test.autoconfigure.web.client.MockRestServiceServerResetTestExecutionListener, org.springframework.boot.test.autoconfigure.web.servlet.MockMvcPrintOnlyOnFailureTestExecutionListener, org.springframework.boot.test.autoconfigure.web.servlet.WebDriverTestExecutionListener, org.springframework.test.context.web.ServletTestExecutionListener, org.springframework.test.context.support.DirtiesContextBeforeModesTestExecutionListener, org.springframework.test.context.support.DependencyInjectionTestExecutionListener, org.springframework.test.context.support.DirtiesContextTestExecutionListener, org.springframework.test.context.transaction.TransactionalTestExecutionListener, org.springframework.test.context.jdbc.SqlScriptsTestExecutionListener, org.springframework.test.context.event.EventPublishingTestExecutionListener]
08:45:39 [main] DEBUG o.s.b.t.a.orm.jpa.DataJpaTestContextBootstrapper  .instantiateListeners           - Skipping candidate TestExecutionListener [org.springframework.test.context.web.ServletTestExecutionListener] due to a missing dependency. Specify custom listener classes or make the default listener classes and their required dependencies available. Offending class: [javax/servlet/ServletContext]
08:45:39 [main] INFO  o.s.b.t.a.orm.jpa.DataJpaTestContextBootstrapper  .getTestExecutionListeners      - Using TestExecutionListeners: [org.springframework.test.context.support.DirtiesContextBeforeModesTestExecutionListener@5f5923ef, org.springframework.boot.test.mock.mockito.MockitoTestExecutionListener@7381d6f0, org.springframework.boot.test.autoconfigure.SpringBootDependencyInjectionTestExecutionListener@2f262474, org.springframework.test.context.support.DirtiesContextTestExecutionListener@7c03f9d0, org.springframework.test.context.transaction.TransactionalTestExecutionListener@6ad3fbe4, org.springframework.test.context.jdbc.SqlScriptsTestExecutionListener@17189618, org.springframework.test.context.event.EventPublishingTestExecutionListener@983050b, org.springframework.boot.test.mock.mockito.ResetMocksTestExecutionListener@6aadb092, org.springframework.boot.test.autoconfigure.restdocs.RestDocsTestExecutionListener@1f547af8, org.springframework.boot.test.autoconfigure.web.client.MockRestServiceServerResetTestExecutionListener@4caf875c, org.springframework.boot.test.autoconfigure.web.servlet.MockMvcPrintOnlyOnFailureTestExecutionListener@5d15789f, org.springframework.boot.test.autoconfigure.web.servlet.WebDriverTestExecutionListener@5abb7a8f]
08:45:39 [main] DEBUG o.s.t.c.s.AbstractDirtiesContextTestExecutionListener.beforeOrAfterTestClass         - Before test class: context [DefaultTestContext@72b10258 testClass = EmployeRepositoryTest, testInstance = [null], testMethod = [null], testException = [null], mergedContextConfiguration = [MergedContextConfiguration@77ec9fdb testClass = EmployeRepositoryTest, locations = '{}', classes = '{class com.ipiecoles.java.java350.Java350Application}', contextInitializerClasses = '[]', activeProfiles = '{}', propertySourceLocations = '{}', propertySourceProperties = '{org.springframework.boot.test.autoconfigure.orm.jpa.DataJpaTestContextBootstrapper=true}', contextCustomizers = set[[ImportsContextCustomizer@35af1558 key = [org.springframework.boot.autoconfigure.cache.CacheAutoConfiguration, org.springframework.boot.autoconfigure.data.jpa.JpaRepositoriesAutoConfiguration, org.springframework.boot.autoconfigure.flyway.FlywayAutoConfiguration, org.springframework.boot.autoconfigure.jdbc.DataSourceAutoConfiguration, org.springframework.boot.autoconfigure.jdbc.DataSourceTransactionManagerAutoConfiguration, org.springframework.boot.autoconfigure.jdbc.JdbcTemplateAutoConfiguration, org.springframework.boot.autoconfigure.liquibase.LiquibaseAutoConfiguration, org.springframework.boot.autoconfigure.orm.jpa.HibernateJpaAutoConfiguration, org.springframework.boot.autoconfigure.transaction.TransactionAutoConfiguration, org.springframework.boot.test.autoconfigure.jdbc.TestDatabaseAutoConfiguration, org.springframework.boot.test.autoconfigure.orm.jpa.TestEntityManagerAutoConfiguration]], org.springframework.boot.test.context.filter.ExcludeFilterContextCustomizer@30c01c37, org.springframework.boot.test.json.DuplicateJsonObjectContextCustomizerFactory$DuplicateJsonObjectContextCustomizer@43786627, org.springframework.boot.test.mock.mockito.MockitoContextCustomizer@0, org.springframework.boot.test.autoconfigure.OverrideAutoConfigurationContextCustomizerFactory$DisableAutoConfigurationContextCustomizer@2bfa17b0, org.springframework.boot.test.autoconfigure.filter.TypeExcludeFiltersContextCustomizer@351584c0, org.springframework.boot.test.autoconfigure.properties.PropertyMappingContextCustomizer@ec8092f, org.springframework.boot.test.autoconfigure.web.servlet.WebDriverContextCustomizerFactory$Customizer@14e3d439], contextLoader = 'org.springframework.boot.test.context.SpringBootContextLoader', parent = [null]], attributes = map[[empty]]], class annotated with @DirtiesContext [false] with mode [null].
08:45:39 [main] DEBUG o.s.t.c.s.DependencyInjectionTestExecutionListener.prepareTestInstance            - Performing dependency injection for test context [[DefaultTestContext@72b10258 testClass = EmployeRepositoryTest, testInstance = com.ipiecoles.java.java350.repository.EmployeRepositoryTest@62808e9e, testMethod = [null], testException = [null], mergedContextConfiguration = [MergedContextConfiguration@77ec9fdb testClass = EmployeRepositoryTest, locations = '{}', classes = '{class com.ipiecoles.java.java350.Java350Application}', contextInitializerClasses = '[]', activeProfiles = '{}', propertySourceLocations = '{}', propertySourceProperties = '{org.springframework.boot.test.autoconfigure.orm.jpa.DataJpaTestContextBootstrapper=true}', contextCustomizers = set[[ImportsContextCustomizer@35af1558 key = [org.springframework.boot.autoconfigure.cache.CacheAutoConfiguration, org.springframework.boot.autoconfigure.data.jpa.JpaRepositoriesAutoConfiguration, org.springframework.boot.autoconfigure.flyway.FlywayAutoConfiguration, org.springframework.boot.autoconfigure.jdbc.DataSourceAutoConfiguration, org.springframework.boot.autoconfigure.jdbc.DataSourceTransactionManagerAutoConfiguration, org.springframework.boot.autoconfigure.jdbc.JdbcTemplateAutoConfiguration, org.springframework.boot.autoconfigure.liquibase.LiquibaseAutoConfiguration, org.springframework.boot.autoconfigure.orm.jpa.HibernateJpaAutoConfiguration, org.springframework.boot.autoconfigure.transaction.TransactionAutoConfiguration, org.springframework.boot.test.autoconfigure.jdbc.TestDatabaseAutoConfiguration, org.springframework.boot.test.autoconfigure.orm.jpa.TestEntityManagerAutoConfiguration]], org.springframework.boot.test.context.filter.ExcludeFilterContextCustomizer@30c01c37, org.springframework.boot.test.json.DuplicateJsonObjectContextCustomizerFactory$DuplicateJsonObjectContextCustomizer@43786627, org.springframework.boot.test.mock.mockito.MockitoContextCustomizer@0, org.springframework.boot.test.autoconfigure.OverrideAutoConfigurationContextCustomizerFactory$DisableAutoConfigurationContextCustomizer@2bfa17b0, org.springframework.boot.test.autoconfigure.filter.TypeExcludeFiltersContextCustomizer@351584c0, org.springframework.boot.test.autoconfigure.properties.PropertyMappingContextCustomizer@ec8092f, org.springframework.boot.test.autoconfigure.web.servlet.WebDriverContextCustomizerFactory$Customizer@14e3d439], contextLoader = 'org.springframework.boot.test.context.SpringBootContextLoader', parent = [null]], attributes = map[[empty]]]].
08:45:39 [main] DEBUG o.s.test.context.support.TestPropertySourceUtils  .addInlinedPropertiesToEnvironment - Adding inlined properties to environment: {spring.jmx.enabled=false, org.springframework.boot.test.autoconfigure.orm.jpa.DataJpaTestContextBootstrapper=true, server.port=-1}
08:45:40 [main] INFO  c.i.java.java350.repository.EmployeRepositoryTest .logStarting                    - Starting EmployeRepositoryTest on LH0MLPF1C4WRL with PID 21396 (started by E007548 in C:\Users\E007548\Documents\Cours\Qualite logiciel\ipi-java-350-ex)
08:45:40 [main] INFO  c.i.java.java350.repository.EmployeRepositoryTest .logStartupProfileInfo          - No active profile set, falling back to default profiles: default
08:45:40 [main] INFO  o.s.d.r.config.RepositoryConfigurationDelegate    .registerRepositoriesIn         - Bootstrapping Spring Data JPA repositories in DEFAULT mode.
08:45:40 [main] INFO  o.s.d.r.config.RepositoryConfigurationDelegate    .registerRepositoriesIn         - Finished Spring Data repository scanning in 67ms. Found 1 JPA repository interfaces.
08:45:40 [main] INFO  o.s.b.t.a.j.TestDatabaseAutoConfiguration$EmbeddedDataSourceBeanFactoryPostProcessor.process                        - Replacing 'dataSource' DataSource bean with embedded version
08:45:41 [main] INFO  o.s.j.datasource.embedded.EmbeddedDatabaseFactory .initDatabase                   - Starting embedded database: url='jdbc:h2:mem:c4b4c824-69d4-498a-ae04-e4b3ced5fb2a;DB_CLOSE_DELAY=-1;DB_CLOSE_ON_EXIT=false', username='sa'
08:45:41 [main] INFO  org.hibernate.jpa.internal.util.LogHelper         .logPersistenceUnitInformation  - HHH000204: Processing PersistenceUnitInfo [name: default]
08:45:41 [main] INFO  org.hibernate.Version                             .logVersion                     - HHH000412: Hibernate Core {5.4.9.Final}
08:45:42 [main] INFO  org.hibernate.annotations.common.Version          .<clinit>                       - HCANN000001: Hibernate Commons Annotations {5.1.0.Final}
08:45:42 [main] INFO  org.hibernate.dialect.Dialect                     .<init>                         - HHH000400: Using dialect: org.hibernate.dialect.H2Dialect
08:45:44 [main] INFO  o.h.e.t.jta.platform.internal.JtaPlatformInitiator.initiateService                - HHH000490: Using JtaPlatform implementation: [org.hibernate.engine.transaction.jta.platform.internal.NoJtaPlatform]
08:45:44 [main] INFO  o.s.orm.jpa.LocalContainerEntityManagerFactoryBean.buildNativeEntityManagerFactory - Initialized JPA EntityManagerFactory for persistence unit 'default'
08:45:45 [main] WARN  org.hibernate.dialect.function.TemplateRenderer   .render                         - HHH000174: Function template anticipated 3 arguments, but 2 arguments encountered
08:45:45 [main] INFO  c.i.java.java350.repository.EmployeRepositoryTest .logStarted                     - Started EmployeRepositoryTest in 5.525 seconds (JVM running for 8.276)
08:45:45 [main] INFO  o.s.test.context.transaction.TransactionContext   .startTransaction               - Began transaction (1) for test context [DefaultTestContext@72b10258 testClass = EmployeRepositoryTest, testInstance = com.ipiecoles.java.java350.repository.EmployeRepositoryTest@62808e9e, testMethod = findLastMatriculeOneEmploye@EmployeRepositoryTest, testException = [null], mergedContextConfiguration = [MergedContextConfiguration@77ec9fdb testClass = EmployeRepositoryTest, locations = '{}', classes = '{class com.ipiecoles.java.java350.Java350Application}', contextInitializerClasses = '[]', activeProfiles = '{}', propertySourceLocations = '{}', propertySourceProperties = '{org.springframework.boot.test.autoconfigure.orm.jpa.DataJpaTestContextBootstrapper=true}', contextCustomizers = set[[ImportsContextCustomizer@35af1558 key = [org.springframework.boot.autoconfigure.cache.CacheAutoConfiguration, org.springframework.boot.autoconfigure.data.jpa.JpaRepositoriesAutoConfiguration, org.springframework.boot.autoconfigure.flyway.FlywayAutoConfiguration, org.springframework.boot.autoconfigure.jdbc.DataSourceAutoConfiguration, org.springframework.boot.autoconfigure.jdbc.DataSourceTransactionManagerAutoConfiguration, org.springframework.boot.autoconfigure.jdbc.JdbcTemplateAutoConfiguration, org.springframework.boot.autoconfigure.liquibase.LiquibaseAutoConfiguration, org.springframework.boot.autoconfigure.orm.jpa.HibernateJpaAutoConfiguration, org.springframework.boot.autoconfigure.transaction.TransactionAutoConfiguration, org.springframework.boot.test.autoconfigure.jdbc.TestDatabaseAutoConfiguration, org.springframework.boot.test.autoconfigure.orm.jpa.TestEntityManagerAutoConfiguration]], org.springframework.boot.test.context.filter.ExcludeFilterContextCustomizer@30c01c37, org.springframework.boot.test.json.DuplicateJsonObjectContextCustomizerFactory$DuplicateJsonObjectContextCustomizer@43786627, org.springframework.boot.test.mock.mockito.MockitoContextCustomizer@0, org.springframework.boot.test.autoconfigure.OverrideAutoConfigurationContextCustomizerFactory$DisableAutoConfigurationContextCustomizer@2bfa17b0, org.springframework.boot.test.autoconfigure.filter.TypeExcludeFiltersContextCustomizer@351584c0, org.springframework.boot.test.autoconfigure.properties.PropertyMappingContextCustomizer@ec8092f, org.springframework.boot.test.autoconfigure.web.servlet.WebDriverContextCustomizerFactory$Customizer@14e3d439], contextLoader = 'org.springframework.boot.test.context.SpringBootContextLoader', parent = [null]], attributes = map[[empty]]]; transaction manager [org.springframework.orm.jpa.JpaTransactionManager@929b525]; rollback [true]
08:45:45 [main] INFO  o.s.test.context.transaction.TransactionContext   .endTransaction                 - Rolled back transaction for test: [DefaultTestContext@72b10258 testClass = EmployeRepositoryTest, testInstance = com.ipiecoles.java.java350.repository.EmployeRepositoryTest@62808e9e, testMethod = findLastMatriculeOneEmploye@EmployeRepositoryTest, testException = [null], mergedContextConfiguration = [MergedContextConfiguration@77ec9fdb testClass = EmployeRepositoryTest, locations = '{}', classes = '{class com.ipiecoles.java.java350.Java350Application}', contextInitializerClasses = '[]', activeProfiles = '{}', propertySourceLocations = '{}', propertySourceProperties = '{org.springframework.boot.test.autoconfigure.orm.jpa.DataJpaTestContextBootstrapper=true}', contextCustomizers = set[[ImportsContextCustomizer@35af1558 key = [org.springframework.boot.autoconfigure.cache.CacheAutoConfiguration, org.springframework.boot.autoconfigure.data.jpa.JpaRepositoriesAutoConfiguration, org.springframework.boot.autoconfigure.flyway.FlywayAutoConfiguration, org.springframework.boot.autoconfigure.jdbc.DataSourceAutoConfiguration, org.springframework.boot.autoconfigure.jdbc.DataSourceTransactionManagerAutoConfiguration, org.springframework.boot.autoconfigure.jdbc.JdbcTemplateAutoConfiguration, org.springframework.boot.autoconfigure.liquibase.LiquibaseAutoConfiguration, org.springframework.boot.autoconfigure.orm.jpa.HibernateJpaAutoConfiguration, org.springframework.boot.autoconfigure.transaction.TransactionAutoConfiguration, org.springframework.boot.test.autoconfigure.jdbc.TestDatabaseAutoConfiguration, org.springframework.boot.test.autoconfigure.orm.jpa.TestEntityManagerAutoConfiguration]], org.springframework.boot.test.context.filter.ExcludeFilterContextCustomizer@30c01c37, org.springframework.boot.test.json.DuplicateJsonObjectContextCustomizerFactory$DuplicateJsonObjectContextCustomizer@43786627, org.springframework.boot.test.mock.mockito.MockitoContextCustomizer@0, org.springframework.boot.test.autoconfigure.OverrideAutoConfigurationContextCustomizerFactory$DisableAutoConfigurationContextCustomizer@2bfa17b0, org.springframework.boot.test.autoconfigure.filter.TypeExcludeFiltersContextCustomizer@351584c0, org.springframework.boot.test.autoconfigure.properties.PropertyMappingContextCustomizer@ec8092f, org.springframework.boot.test.autoconfigure.web.servlet.WebDriverContextCustomizerFactory$Customizer@14e3d439], contextLoader = 'org.springframework.boot.test.context.SpringBootContextLoader', parent = [null]], attributes = map[[empty]]]
08:45:45 [main] INFO  o.s.test.context.transaction.TransactionContext   .startTransaction               - Began transaction (1) for test context [DefaultTestContext@72b10258 testClass = EmployeRepositoryTest, testInstance = com.ipiecoles.java.java350.repository.EmployeRepositoryTest@593bd947, testMethod = findLastMatriculeBase@EmployeRepositoryTest, testException = [null], mergedContextConfiguration = [MergedContextConfiguration@77ec9fdb testClass = EmployeRepositoryTest, locations = '{}', classes = '{class com.ipiecoles.java.java350.Java350Application}', contextInitializerClasses = '[]', activeProfiles = '{}', propertySourceLocations = '{}', propertySourceProperties = '{org.springframework.boot.test.autoconfigure.orm.jpa.DataJpaTestContextBootstrapper=true}', contextCustomizers = set[[ImportsContextCustomizer@35af1558 key = [org.springframework.boot.autoconfigure.cache.CacheAutoConfiguration, org.springframework.boot.autoconfigure.data.jpa.JpaRepositoriesAutoConfiguration, org.springframework.boot.autoconfigure.flyway.FlywayAutoConfiguration, org.springframework.boot.autoconfigure.jdbc.DataSourceAutoConfiguration, org.springframework.boot.autoconfigure.jdbc.DataSourceTransactionManagerAutoConfiguration, org.springframework.boot.autoconfigure.jdbc.JdbcTemplateAutoConfiguration, org.springframework.boot.autoconfigure.liquibase.LiquibaseAutoConfiguration, org.springframework.boot.autoconfigure.orm.jpa.HibernateJpaAutoConfiguration, org.springframework.boot.autoconfigure.transaction.TransactionAutoConfiguration, org.springframework.boot.test.autoconfigure.jdbc.TestDatabaseAutoConfiguration, org.springframework.boot.test.autoconfigure.orm.jpa.TestEntityManagerAutoConfiguration]], org.springframework.boot.test.context.filter.ExcludeFilterContextCustomizer@30c01c37, org.springframework.boot.test.json.DuplicateJsonObjectContextCustomizerFactory$DuplicateJsonObjectContextCustomizer@43786627, org.springframework.boot.test.mock.mockito.MockitoContextCustomizer@0, org.springframework.boot.test.autoconfigure.OverrideAutoConfigurationContextCustomizerFactory$DisableAutoConfigurationContextCustomizer@2bfa17b0, org.springframework.boot.test.autoconfigure.filter.TypeExcludeFiltersContextCustomizer@351584c0, org.springframework.boot.test.autoconfigure.properties.PropertyMappingContextCustomizer@ec8092f, org.springframework.boot.test.autoconfigure.web.servlet.WebDriverContextCustomizerFactory$Customizer@14e3d439], contextLoader = 'org.springframework.boot.test.context.SpringBootContextLoader', parent = [null]], attributes = map[[empty]]]; transaction manager [org.springframework.orm.jpa.JpaTransactionManager@929b525]; rollback [true]
08:45:45 [main] INFO  o.s.test.context.transaction.TransactionContext   .endTransaction                 - Rolled back transaction for test: [DefaultTestContext@72b10258 testClass = EmployeRepositoryTest, testInstance = com.ipiecoles.java.java350.repository.EmployeRepositoryTest@593bd947, testMethod = findLastMatriculeBase@EmployeRepositoryTest, testException = [null], mergedContextConfiguration = [MergedContextConfiguration@77ec9fdb testClass = EmployeRepositoryTest, locations = '{}', classes = '{class com.ipiecoles.java.java350.Java350Application}', contextInitializerClasses = '[]', activeProfiles = '{}', propertySourceLocations = '{}', propertySourceProperties = '{org.springframework.boot.test.autoconfigure.orm.jpa.DataJpaTestContextBootstrapper=true}', contextCustomizers = set[[ImportsContextCustomizer@35af1558 key = [org.springframework.boot.autoconfigure.cache.CacheAutoConfiguration, org.springframework.boot.autoconfigure.data.jpa.JpaRepositoriesAutoConfiguration, org.springframework.boot.autoconfigure.flyway.FlywayAutoConfiguration, org.springframework.boot.autoconfigure.jdbc.DataSourceAutoConfiguration, org.springframework.boot.autoconfigure.jdbc.DataSourceTransactionManagerAutoConfiguration, org.springframework.boot.autoconfigure.jdbc.JdbcTemplateAutoConfiguration, org.springframework.boot.autoconfigure.liquibase.LiquibaseAutoConfiguration, org.springframework.boot.autoconfigure.orm.jpa.HibernateJpaAutoConfiguration, org.springframework.boot.autoconfigure.transaction.TransactionAutoConfiguration, org.springframework.boot.test.autoconfigure.jdbc.TestDatabaseAutoConfiguration, org.springframework.boot.test.autoconfigure.orm.jpa.TestEntityManagerAutoConfiguration]], org.springframework.boot.test.context.filter.ExcludeFilterContextCustomizer@30c01c37, org.springframework.boot.test.json.DuplicateJsonObjectContextCustomizerFactory$DuplicateJsonObjectContextCustomizer@43786627, org.springframework.boot.test.mock.mockito.MockitoContextCustomizer@0, org.springframework.boot.test.autoconfigure.OverrideAutoConfigurationContextCustomizerFactory$DisableAutoConfigurationContextCustomizer@2bfa17b0, org.springframework.boot.test.autoconfigure.filter.TypeExcludeFiltersContextCustomizer@351584c0, org.springframework.boot.test.autoconfigure.properties.PropertyMappingContextCustomizer@ec8092f, org.springframework.boot.test.autoconfigure.web.servlet.WebDriverContextCustomizerFactory$Customizer@14e3d439], contextLoader = 'org.springframework.boot.test.context.SpringBootContextLoader', parent = [null]], attributes = map[[empty]]]
08:45:45 [main] INFO  o.s.test.context.transaction.TransactionContext   .startTransaction               - Began transaction (1) for test context [DefaultTestContext@72b10258 testClass = EmployeRepositoryTest, testInstance = com.ipiecoles.java.java350.repository.EmployeRepositoryTest@dc4c63, testMethod = findLastMatriculeNull@EmployeRepositoryTest, testException = [null], mergedContextConfiguration = [MergedContextConfiguration@77ec9fdb testClass = EmployeRepositoryTest, locations = '{}', classes = '{class com.ipiecoles.java.java350.Java350Application}', contextInitializerClasses = '[]', activeProfiles = '{}', propertySourceLocations = '{}', propertySourceProperties = '{org.springframework.boot.test.autoconfigure.orm.jpa.DataJpaTestContextBootstrapper=true}', contextCustomizers = set[[ImportsContextCustomizer@35af1558 key = [org.springframework.boot.autoconfigure.cache.CacheAutoConfiguration, org.springframework.boot.autoconfigure.data.jpa.JpaRepositoriesAutoConfiguration, org.springframework.boot.autoconfigure.flyway.FlywayAutoConfiguration, org.springframework.boot.autoconfigure.jdbc.DataSourceAutoConfiguration, org.springframework.boot.autoconfigure.jdbc.DataSourceTransactionManagerAutoConfiguration, org.springframework.boot.autoconfigure.jdbc.JdbcTemplateAutoConfiguration, org.springframework.boot.autoconfigure.liquibase.LiquibaseAutoConfiguration, org.springframework.boot.autoconfigure.orm.jpa.HibernateJpaAutoConfiguration, org.springframework.boot.autoconfigure.transaction.TransactionAutoConfiguration, org.springframework.boot.test.autoconfigure.jdbc.TestDatabaseAutoConfiguration, org.springframework.boot.test.autoconfigure.orm.jpa.TestEntityManagerAutoConfiguration]], org.springframework.boot.test.context.filter.ExcludeFilterContextCustomizer@30c01c37, org.springframework.boot.test.json.DuplicateJsonObjectContextCustomizerFactory$DuplicateJsonObjectContextCustomizer@43786627, org.springframework.boot.test.mock.mockito.MockitoContextCustomizer@0, org.springframework.boot.test.autoconfigure.OverrideAutoConfigurationContextCustomizerFactory$DisableAutoConfigurationContextCustomizer@2bfa17b0, org.springframework.boot.test.autoconfigure.filter.TypeExcludeFiltersContextCustomizer@351584c0, org.springframework.boot.test.autoconfigure.properties.PropertyMappingContextCustomizer@ec8092f, org.springframework.boot.test.autoconfigure.web.servlet.WebDriverContextCustomizerFactory$Customizer@14e3d439], contextLoader = 'org.springframework.boot.test.context.SpringBootContextLoader', parent = [null]], attributes = map[[empty]]]; transaction manager [org.springframework.orm.jpa.JpaTransactionManager@929b525]; rollback [true]
08:45:45 [main] INFO  o.s.test.context.transaction.TransactionContext   .endTransaction                 - Rolled back transaction for test: [DefaultTestContext@72b10258 testClass = EmployeRepositoryTest, testInstance = com.ipiecoles.java.java350.repository.EmployeRepositoryTest@dc4c63, testMethod = findLastMatriculeNull@EmployeRepositoryTest, testException = [null], mergedContextConfiguration = [MergedContextConfiguration@77ec9fdb testClass = EmployeRepositoryTest, locations = '{}', classes = '{class com.ipiecoles.java.java350.Java350Application}', contextInitializerClasses = '[]', activeProfiles = '{}', propertySourceLocations = '{}', propertySourceProperties = '{org.springframework.boot.test.autoconfigure.orm.jpa.DataJpaTestContextBootstrapper=true}', contextCustomizers = set[[ImportsContextCustomizer@35af1558 key = [org.springframework.boot.autoconfigure.cache.CacheAutoConfiguration, org.springframework.boot.autoconfigure.data.jpa.JpaRepositoriesAutoConfiguration, org.springframework.boot.autoconfigure.flyway.FlywayAutoConfiguration, org.springframework.boot.autoconfigure.jdbc.DataSourceAutoConfiguration, org.springframework.boot.autoconfigure.jdbc.DataSourceTransactionManagerAutoConfiguration, org.springframework.boot.autoconfigure.jdbc.JdbcTemplateAutoConfiguration, org.springframework.boot.autoconfigure.liquibase.LiquibaseAutoConfiguration, org.springframework.boot.autoconfigure.orm.jpa.HibernateJpaAutoConfiguration, org.springframework.boot.autoconfigure.transaction.TransactionAutoConfiguration, org.springframework.boot.test.autoconfigure.jdbc.TestDatabaseAutoConfiguration, org.springframework.boot.test.autoconfigure.orm.jpa.TestEntityManagerAutoConfiguration]], org.springframework.boot.test.context.filter.ExcludeFilterContextCustomizer@30c01c37, org.springframework.boot.test.json.DuplicateJsonObjectContextCustomizerFactory$DuplicateJsonObjectContextCustomizer@43786627, org.springframework.boot.test.mock.mockito.MockitoContextCustomizer@0, org.springframework.boot.test.autoconfigure.OverrideAutoConfigurationContextCustomizerFactory$DisableAutoConfigurationContextCustomizer@2bfa17b0, org.springframework.boot.test.autoconfigure.filter.TypeExcludeFiltersContextCustomizer@351584c0, org.springframework.boot.test.autoconfigure.properties.PropertyMappingContextCustomizer@ec8092f, org.springframework.boot.test.autoconfigure.web.servlet.WebDriverContextCustomizerFactory$Customizer@14e3d439], contextLoader = 'org.springframework.boot.test.context.SpringBootContextLoader', parent = [null]], attributes = map[[empty]]]
08:45:45 [main] INFO  o.s.b.t.context.SpringBootTestContextBootstrapper .buildDefaultMergedContextConfiguration - Neither @ContextConfiguration nor @ContextHierarchy found for test class [com.ipiecoles.java.java350.service.EmployeServiceIntegrationTest], using SpringBootContextLoader
08:45:45 [main] INFO  o.s.test.context.support.AbstractContextLoader    .generateDefaultLocations       - Could not detect default resource locations for test class [com.ipiecoles.java.java350.service.EmployeServiceIntegrationTest]: no resource found for suffixes {-context.xml, Context.groovy}.
08:45:45 [main] INFO  o.s.t.c.support.AnnotationConfigContextLoaderUtils.detectDefaultConfigurationClasses - Could not detect default configuration classes for test class [com.ipiecoles.java.java350.service.EmployeServiceIntegrationTest]: EmployeServiceIntegrationTest does not declare any static, non-private, non-final, nested classes annotated with @Configuration.
08:45:45 [main] INFO  o.s.b.t.context.SpringBootTestContextBootstrapper .getOrFindConfigurationClasses  - Found @SpringBootConfiguration com.ipiecoles.java.java350.Java350Application for test class com.ipiecoles.java.java350.service.EmployeServiceIntegrationTest
08:45:45 [main] INFO  o.s.b.t.context.SpringBootTestContextBootstrapper .getDefaultTestExecutionListenerClassNames - Loaded default TestExecutionListener class names from location [META-INF/spring.factories]: [org.springframework.boot.test.mock.mockito.MockitoTestExecutionListener, org.springframework.boot.test.mock.mockito.ResetMocksTestExecutionListener, org.springframework.boot.test.autoconfigure.restdocs.RestDocsTestExecutionListener, org.springframework.boot.test.autoconfigure.web.client.MockRestServiceServerResetTestExecutionListener, org.springframework.boot.test.autoconfigure.web.servlet.MockMvcPrintOnlyOnFailureTestExecutionListener, org.springframework.boot.test.autoconfigure.web.servlet.WebDriverTestExecutionListener, org.springframework.test.context.web.ServletTestExecutionListener, org.springframework.test.context.support.DirtiesContextBeforeModesTestExecutionListener, org.springframework.test.context.support.DependencyInjectionTestExecutionListener, org.springframework.test.context.support.DirtiesContextTestExecutionListener, org.springframework.test.context.transaction.TransactionalTestExecutionListener, org.springframework.test.context.jdbc.SqlScriptsTestExecutionListener, org.springframework.test.context.event.EventPublishingTestExecutionListener]
08:45:45 [main] INFO  o.s.b.t.context.SpringBootTestContextBootstrapper .getTestExecutionListeners      - Using TestExecutionListeners: [org.springframework.test.context.support.DirtiesContextBeforeModesTestExecutionListener@40735f3b, org.springframework.boot.test.mock.mockito.MockitoTestExecutionListener@3ab8884f, org.springframework.boot.test.autoconfigure.SpringBootDependencyInjectionTestExecutionListener@5c93f118, org.springframework.test.context.support.DirtiesContextTestExecutionListener@24fec22, org.springframework.test.context.transaction.TransactionalTestExecutionListener@589fe1d7, org.springframework.test.context.jdbc.SqlScriptsTestExecutionListener@269be07b, org.springframework.test.context.event.EventPublishingTestExecutionListener@6543de81, org.springframework.boot.test.mock.mockito.ResetMocksTestExecutionListener@181000f7, org.springframework.boot.test.autoconfigure.restdocs.RestDocsTestExecutionListener@3f26cb7b, org.springframework.boot.test.autoconfigure.web.client.MockRestServiceServerResetTestExecutionListener@46c77cdc, org.springframework.boot.test.autoconfigure.web.servlet.MockMvcPrintOnlyOnFailureTestExecutionListener@3d0b0553, org.springframework.boot.test.autoconfigure.web.servlet.WebDriverTestExecutionListener@2584bdbd]
08:45:45 [main] INFO  c.i.j.j.service.EmployeServiceIntegrationTest     .logStarting                    - Starting EmployeServiceIntegrationTest on LH0MLPF1C4WRL with PID 21396 (started by E007548 in C:\Users\E007548\Documents\Cours\Qualite logiciel\ipi-java-350-ex)
08:45:45 [main] INFO  c.i.j.j.service.EmployeServiceIntegrationTest     .logStartupProfileInfo          - No active profile set, falling back to default profiles: default
08:45:46 [main] INFO  o.s.d.r.config.RepositoryConfigurationDelegate    .registerRepositoriesIn         - Bootstrapping Spring Data JPA repositories in DEFAULT mode.
08:45:46 [main] INFO  o.s.d.r.config.RepositoryConfigurationDelegate    .registerRepositoriesIn         - Finished Spring Data repository scanning in 19ms. Found 1 JPA repository interfaces.
08:45:46 [main] INFO  com.zaxxer.hikari.HikariDataSource                .getConnection                  - HikariPool-1 - Starting...
08:45:46 [main] INFO  com.zaxxer.hikari.HikariDataSource                .getConnection                  - HikariPool-1 - Start completed.
08:45:46 [main] INFO  org.hibernate.jpa.internal.util.LogHelper         .logPersistenceUnitInformation  - HHH000204: Processing PersistenceUnitInfo [name: default]
08:45:46 [main] INFO  org.hibernate.dialect.Dialect                     .<init>                         - HHH000400: Using dialect: org.hibernate.dialect.H2Dialect
08:45:46 [main] INFO  o.h.e.t.jta.platform.internal.JtaPlatformInitiator.initiateService                - HHH000490: Using JtaPlatform implementation: [org.hibernate.engine.transaction.jta.platform.internal.NoJtaPlatform]
08:45:46 [main] INFO  o.s.orm.jpa.LocalContainerEntityManagerFactoryBean.buildNativeEntityManagerFactory - Initialized JPA EntityManagerFactory for persistence unit 'default'
08:45:47 [main] WARN  org.hibernate.dialect.function.TemplateRenderer   .render                         - HHH000174: Function template anticipated 3 arguments, but 2 arguments encountered
08:45:47 [main] INFO  c.i.j.j.service.EmployeServiceIntegrationTest     .logStarted                     - Started EmployeServiceIntegrationTest in 1.512 seconds (JVM running for 10.365)
08:45:47 [main] INFO  com.ipiecoles.java.java350.service.EmployeService .embaucheEmploye                - Dbut d'embauche pour Jean au poste de MANAGER avec un taux d'activit de 1.0
08:45:47 [main] INFO  com.ipiecoles.java.java350.service.EmployeService .embaucheEmploye                - Dbut d'embauche pour Jean au poste de MANAGER avec un taux d'activit de 0.5
08:45:47 [main] INFO  com.ipiecoles.java.java350.service.EmployeService .embaucheEmploye                - Dbut d'embauche pour Jean au poste de TECHNICIEN avec un taux d'activit de 1.0
08:45:47 [main] INFO  com.ipiecoles.java.java350.service.EmployeService .embaucheEmploye                - Dbut d'embauche pour Jean au poste de TECHNICIEN avec un taux d'activit de 1.0
08:45:47 [main] INFO  com.ipiecoles.java.java350.service.EmployeService .embaucheEmploye                - Dbut d'embauche pour Jean au poste de MANAGER avec un taux d'activit de 0.5
08:45:47 [main] ERROR com.ipiecoles.java.java350.service.EmployeService .embaucheEmploye                - Limite des 100000 matricules atteinte !
08:45:48 [main] INFO  com.ipiecoles.java.java350.service.EmployeService .embaucheEmploye                - Dbut d'embauche pour Jean au poste de TECHNICIEN avec un taux d'activit de 1.0
08:45:48 [main] ERROR com.ipiecoles.java.java350.service.EmployeService .embaucheEmploye                - L'employ de matricule T12345 existe dj en BDD
08:45:48 [SpringContextShutdownHook] INFO  o.s.orm.jpa.LocalContainerEntityManagerFactoryBean.destroy                        - Closing JPA EntityManagerFactory for persistence unit 'default'
08:45:48 [SpringContextShutdownHook] INFO  o.s.orm.jpa.LocalContainerEntityManagerFactoryBean.destroy                        - Closing JPA EntityManagerFactory for persistence unit 'default'
08:45:48 [SpringContextShutdownHook] INFO  o.h.t.s.i.SchemaDropperImpl$DelayedDropActionImpl .perform                        - HHH000477: Starting delayed evictData of schema as part of SessionFactory shut-down'
08:45:48 [SpringContextShutdownHook] INFO  o.h.t.s.i.SchemaDropperImpl$DelayedDropActionImpl .perform                        - HHH000477: Starting delayed evictData of schema as part of SessionFactory shut-down'
08:45:48 [SpringContextShutdownHook] INFO  com.zaxxer.hikari.HikariDataSource                .close                          - HikariPool-1 - Shutdown initiated...
08:45:48 [SpringContextShutdownHook] INFO  com.zaxxer.hikari.HikariDataSource                .close                          - HikariPool-1 - Shutdown completed.
09:36:43 [main] ERROR com.ipiecoles.java.java350.model.Employe          .augmenterSalaire               - Le pourcentage d'augmentation doit être supérieur à 0 et ne peut-être négatif!
09:36:51 [main] ERROR com.ipiecoles.java.java350.model.Employe          .augmenterSalaire               - Le pourcentage d'augmentation doit être inférieur ou égal à 50!
